<?xml version="1.0" encoding="UTF-8"?>
<!-- Generated by org.testng.reporters.JUnitXMLReporter -->
<testsuite hostname="localhost" name="Stock_Watch_Tests" tests="12" failures="0" timestamp="15 Sep 2016 03:52:12 GMT" time="47.172" errors="0">
  <testcase name="@BeforeMethod setDriver" time="0.0" classname="com.stocksValidation.PageSetupTest">
    <failure type="org.openqa.selenium.WebDriverException" message="Failed to connect to binary FirefoxBinary(/usr/bin/firefox) on port 7055; process output follows: 
&amp;quot;homepageURL&amp;quot;:null,&amp;quot;contributors&amp;quot;:[&amp;quot;David Bartlett&amp;quot;,&amp;quot;Constantine Murenin&amp;quot;,&amp;quot;Ian Neal&amp;quot;]},&amp;quot;visible&amp;quot;:true,&amp;quot;active&amp;quot;:true,&amp;quot;userDisabled&amp;quot;:false,&amp;quot;appDisabled&amp;quot;:false,&amp;quot;descriptor&amp;quot;:&amp;quot;/usr/lib/firefox/browser/extensions/langpack-en-GB@firefox.mozilla.org.xpi&amp;quot;,&amp;quot;installDate&amp;quot;:1465510504000,&amp;quot;updateDate&amp;quot;:1465510504000,&amp;quot;applyBackgroundUpdates&amp;quot;:1,&amp;quot;bootstrap&amp;quot;:true,&amp;quot;skinnable&amp;quot;:false,&amp;quot;size&amp;quot;:1077233,&amp;quot;sourceURI&amp;quot;:null,&amp;quot;releaseNotesURI&amp;quot;:null,&amp;quot;softDisabled&amp;quot;:false,&amp;quot;foreignInstall&amp;quot;:true,&amp;quot;hasBinaryComponents&amp;quot;:false,&amp;quot;strictCompatibility&amp;quot;:true,&amp;quot;locales&amp;quot;:[],&amp;quot;targetApplications&amp;quot;:[{&amp;quot;id&amp;quot;:&amp;quot;{ec8030f7-c20a-464f-9b0e-13a3a9e97384}&amp;quot;,&amp;quot;minVersion&amp;quot;:&amp;quot;47.0&amp;quot;,&amp;quot;maxVersion&amp;quot;:&amp;quot;47.*&amp;quot;},{&amp;quot;id&amp;quot;:&amp;quot;webapprt@mozilla.org&amp;quot;,&amp;quot;minVersion&amp;quot;:&amp;quot;47.0&amp;quot;,&amp;quot;maxVersion&amp;quot;:&amp;quot;47.*&amp;quot;}],&amp;quot;targetPlatforms&amp;quot;:[],&amp;quot;seen&amp;quot;:true}
1473911488742	addons.xpi	DEBUG	getModTime: Recursive scan of langpack-en-GB@firefox.mozilla.org
1473911488745	DeferredSave.extensions.json	DEBUG	Save changes
1473911488746	addons.xpi	DEBUG	Updating database with changes to installed add-ons
1473911488746	addons.xpi-utils	DEBUG	Updating add-on states
1473911488749	addons.xpi-utils	DEBUG	Writing add-ons list
1473911488752	addons.xpi	DEBUG	Registering manifest for /usr/lib/firefox/browser/features/firefox@getpocket.com.xpi
1473911488753	addons.xpi	DEBUG	Calling bootstrap method startup on firefox@getpocket.com version 1.0.2
1473911488755	addons.xpi	DEBUG	Registering manifest for /usr/lib/firefox/browser/features/e10srollout@mozilla.org.xpi
1473911488756	addons.xpi	DEBUG	Calling bootstrap method startup on e10srollout@mozilla.org version 1.0
1473911488757	addons.xpi	DEBUG	Registering manifest for /usr/lib/firefox/browser/features/loop@mozilla.org.xpi
1473911488758	addons.xpi	DEBUG	Calling bootstrap method startup on loop@mozilla.org version 1.3.2
1473911488812	addons.xpi	DEBUG	Registering manifest for /usr/lib/firefox/browser/extensions/langpack-en-ZA@firefox.mozilla.org.xpi
1473911488816	addons.xpi	DEBUG	Registering manifest for /usr/lib/firefox/browser/extensions/langpack-en-GB@firefox.mozilla.org.xpi
1473911488824	addons.manager	DEBUG	Registering shutdown blocker for XPIProvider
1473911488825	addons.manager	DEBUG	Provider finished startup: XPIProvider
1473911488825	addons.manager	DEBUG	Starting provider: LightweightThemeManager
1473911488826	addons.manager	DEBUG	Registering shutdown blocker for LightweightThemeManager
1473911488826	addons.manager	DEBUG	Provider finished startup: LightweightThemeManager
1473911488827	addons.manager	DEBUG	Starting provider: GMPProvider
1473911488843	addons.manager	DEBUG	Registering shutdown blocker for GMPProvider
1473911488844	addons.manager	DEBUG	Provider finished startup: GMPProvider
1473911488844	addons.manager	DEBUG	Starting provider: PluginProvider
1473911488845	addons.manager	DEBUG	Registering shutdown blocker for PluginProvider
1473911488846	addons.manager	DEBUG	Provider finished startup: PluginProvider
1473911488847	addons.manager	DEBUG	Completed startup sequence
1473911490397	addons.manager	DEBUG	Starting provider: &amp;lt;unnamed-provider&amp;gt;
1473911490398	addons.manager	DEBUG	Registering shutdown blocker for &amp;lt;unnamed-provider&amp;gt;
1473911490399	addons.manager	DEBUG	Provider finished startup: &amp;lt;unnamed-provider&amp;gt;
1473911490722	DeferredSave.extensions.json	DEBUG	Write succeeded
1473911490722	addons.xpi-utils	DEBUG	XPI Database saved, setting schema version preference to 17
1473911490723	DeferredSave.extensions.json	DEBUG	Starting timer
1473911490752	DeferredSave.extensions.json	DEBUG	Starting write
1473911490760	addons.repository	DEBUG	No addons.json found.
1473911490761	DeferredSave.addons.json	DEBUG	Save changes
1473911490773	DeferredSave.addons.json	DEBUG	Starting timer
1473911490860	addons.manager	DEBUG	Starting provider: PreviousExperimentProvider
1473911490860	addons.manager	DEBUG	Registering shutdown blocker for PreviousExperimentProvider
1473911490861	addons.manager	DEBUG	Provider finished startup: PreviousExperimentProvider
1473911490876	DeferredSave.addons.json	DEBUG	Starting write
1473911490888	DeferredSave.extensions.json	DEBUG	Write succeeded
1473911490925	DeferredSave.addons.json	DEBUG	Write succeeded

Build info: version: &amp;apos;2.53.0&amp;apos;, revision: &amp;apos;35ae25b1534ae328c771e0856c93e187490ca824&amp;apos;, time: &amp;apos;2016-03-15 10:43:46&amp;apos;
System info: host: &amp;apos;localhost&amp;apos;, ip: &amp;apos;127.0.0.1&amp;apos;, os.name: &amp;apos;Linux&amp;apos;, os.arch: &amp;apos;amd64&amp;apos;, os.version: &amp;apos;3.13.0-24-generic&amp;apos;, java.version: &amp;apos;1.8.0_77&amp;apos;
Driver info: driver.version: FirefoxDriver">
      <![CDATA[org.openqa.selenium.WebDriverException: Failed to connect to binary FirefoxBinary(/usr/bin/firefox) on port 7055; process output follows: 
"homepageURL":null,"contributors":["David Bartlett","Constantine Murenin","Ian Neal"]},"visible":true,"active":true,"userDisabled":false,"appDisabled":false,"descriptor":"/usr/lib/firefox/browser/extensions/langpack-en-GB@firefox.mozilla.org.xpi","installDate":1465510504000,"updateDate":1465510504000,"applyBackgroundUpdates":1,"bootstrap":true,"skinnable":false,"size":1077233,"sourceURI":null,"releaseNotesURI":null,"softDisabled":false,"foreignInstall":true,"hasBinaryComponents":false,"strictCompatibility":true,"locales":[],"targetApplications":[{"id":"{ec8030f7-c20a-464f-9b0e-13a3a9e97384}","minVersion":"47.0","maxVersion":"47.*"},{"id":"webapprt@mozilla.org","minVersion":"47.0","maxVersion":"47.*"}],"targetPlatforms":[],"seen":true}
1473911488742	addons.xpi	DEBUG	getModTime: Recursive scan of langpack-en-GB@firefox.mozilla.org
1473911488745	DeferredSave.extensions.json	DEBUG	Save changes
1473911488746	addons.xpi	DEBUG	Updating database with changes to installed add-ons
1473911488746	addons.xpi-utils	DEBUG	Updating add-on states
1473911488749	addons.xpi-utils	DEBUG	Writing add-ons list
1473911488752	addons.xpi	DEBUG	Registering manifest for /usr/lib/firefox/browser/features/firefox@getpocket.com.xpi
1473911488753	addons.xpi	DEBUG	Calling bootstrap method startup on firefox@getpocket.com version 1.0.2
1473911488755	addons.xpi	DEBUG	Registering manifest for /usr/lib/firefox/browser/features/e10srollout@mozilla.org.xpi
1473911488756	addons.xpi	DEBUG	Calling bootstrap method startup on e10srollout@mozilla.org version 1.0
1473911488757	addons.xpi	DEBUG	Registering manifest for /usr/lib/firefox/browser/features/loop@mozilla.org.xpi
1473911488758	addons.xpi	DEBUG	Calling bootstrap method startup on loop@mozilla.org version 1.3.2
1473911488812	addons.xpi	DEBUG	Registering manifest for /usr/lib/firefox/browser/extensions/langpack-en-ZA@firefox.mozilla.org.xpi
1473911488816	addons.xpi	DEBUG	Registering manifest for /usr/lib/firefox/browser/extensions/langpack-en-GB@firefox.mozilla.org.xpi
1473911488824	addons.manager	DEBUG	Registering shutdown blocker for XPIProvider
1473911488825	addons.manager	DEBUG	Provider finished startup: XPIProvider
1473911488825	addons.manager	DEBUG	Starting provider: LightweightThemeManager
1473911488826	addons.manager	DEBUG	Registering shutdown blocker for LightweightThemeManager
1473911488826	addons.manager	DEBUG	Provider finished startup: LightweightThemeManager
1473911488827	addons.manager	DEBUG	Starting provider: GMPProvider
1473911488843	addons.manager	DEBUG	Registering shutdown blocker for GMPProvider
1473911488844	addons.manager	DEBUG	Provider finished startup: GMPProvider
1473911488844	addons.manager	DEBUG	Starting provider: PluginProvider
1473911488845	addons.manager	DEBUG	Registering shutdown blocker for PluginProvider
1473911488846	addons.manager	DEBUG	Provider finished startup: PluginProvider
1473911488847	addons.manager	DEBUG	Completed startup sequence
1473911490397	addons.manager	DEBUG	Starting provider: <unnamed-provider>
1473911490398	addons.manager	DEBUG	Registering shutdown blocker for <unnamed-provider>
1473911490399	addons.manager	DEBUG	Provider finished startup: <unnamed-provider>
1473911490722	DeferredSave.extensions.json	DEBUG	Write succeeded
1473911490722	addons.xpi-utils	DEBUG	XPI Database saved, setting schema version preference to 17
1473911490723	DeferredSave.extensions.json	DEBUG	Starting timer
1473911490752	DeferredSave.extensions.json	DEBUG	Starting write
1473911490760	addons.repository	DEBUG	No addons.json found.
1473911490761	DeferredSave.addons.json	DEBUG	Save changes
1473911490773	DeferredSave.addons.json	DEBUG	Starting timer
1473911490860	addons.manager	DEBUG	Starting provider: PreviousExperimentProvider
1473911490860	addons.manager	DEBUG	Registering shutdown blocker for PreviousExperimentProvider
1473911490861	addons.manager	DEBUG	Provider finished startup: PreviousExperimentProvider
1473911490876	DeferredSave.addons.json	DEBUG	Starting write
1473911490888	DeferredSave.extensions.json	DEBUG	Write succeeded
1473911490925	DeferredSave.addons.json	DEBUG	Write succeeded

Build info: version: '2.53.0', revision: '35ae25b1534ae328c771e0856c93e187490ca824', time: '2016-03-15 10:43:46'
System info: host: 'localhost', ip: '127.0.0.1', os.name: 'Linux', os.arch: 'amd64', os.version: '3.13.0-24-generic', java.version: '1.8.0_77'
Driver info: driver.version: FirefoxDriver
	at org.openqa.selenium.firefox.internal.NewProfileExtensionConnection.start(NewProfileExtensionConnection.java:125)
	at org.openqa.selenium.firefox.FirefoxDriver.startClient(FirefoxDriver.java:271)
	at org.openqa.selenium.remote.RemoteWebDriver.<init>(RemoteWebDriver.java:119)
	at org.openqa.selenium.firefox.FirefoxDriver.<init>(FirefoxDriver.java:216)
	at org.openqa.selenium.firefox.FirefoxDriver.<init>(FirefoxDriver.java:211)
	at org.openqa.selenium.firefox.FirefoxDriver.<init>(FirefoxDriver.java:207)
	at org.openqa.selenium.firefox.FirefoxDriver.<init>(FirefoxDriver.java:120)
	at com.stocksValidation.TestSetup.setDriver(TestSetup.java:37)
Caused by: org.openqa.selenium.firefox.NotConnectedException: Unable to connect to host 127.0.0.1 on port 7055 after 45000 ms. Firefox console output:
"homepageURL":null,"contributors":["David Bartlett","Constantine Murenin","Ian Neal"]},"visible":true,"active":true,"userDisabled":false,"appDisabled":false,"descriptor":"/usr/lib/firefox/browser/extensions/langpack-en-GB@firefox.mozilla.org.xpi","installDate":1465510504000,"updateDate":1465510504000,"applyBackgroundUpdates":1,"bootstrap":true,"skinnable":false,"size":1077233,"sourceURI":null,"releaseNotesURI":null,"softDisabled":false,"foreignInstall":true,"hasBinaryComponents":false,"strictCompatibility":true,"locales":[],"targetApplications":[{"id":"{ec8030f7-c20a-464f-9b0e-13a3a9e97384}","minVersion":"47.0","maxVersion":"47.*"},{"id":"webapprt@mozilla.org","minVersion":"47.0","maxVersion":"47.*"}],"targetPlatforms":[],"seen":true}
1473911488742	addons.xpi	DEBUG	getModTime: Recursive scan of langpack-en-GB@firefox.mozilla.org
1473911488745	DeferredSave.extensions.json	DEBUG	Save changes
1473911488746	addons.xpi	DEBUG	Updating database with changes to installed add-ons
1473911488746	addons.xpi-utils	DEBUG	Updating add-on states
1473911488749	addons.xpi-utils	DEBUG	Writing add-ons list
1473911488752	addons.xpi	DEBUG	Registering manifest for /usr/lib/firefox/browser/features/firefox@getpocket.com.xpi
1473911488753	addons.xpi	DEBUG	Calling bootstrap method startup on firefox@getpocket.com version 1.0.2
1473911488755	addons.xpi	DEBUG	Registering manifest for /usr/lib/firefox/browser/features/e10srollout@mozilla.org.xpi
1473911488756	addons.xpi	DEBUG	Calling bootstrap method startup on e10srollout@mozilla.org version 1.0
1473911488757	addons.xpi	DEBUG	Registering manifest for /usr/lib/firefox/browser/features/loop@mozilla.org.xpi
1473911488758	addons.xpi	DEBUG	Calling bootstrap method startup on loop@mozilla.org version 1.3.2
1473911488812	addons.xpi	DEBUG	Registering manifest for /usr/lib/firefox/browser/extensions/langpack-en-ZA@firefox.mozilla.org.xpi
1473911488816	addons.xpi	DEBUG	Registering manifest for /usr/lib/firefox/browser/extensions/langpack-en-GB@firefox.mozilla.org.xpi
1473911488824	addons.manager	DEBUG	Registering shutdown blocker for XPIProvider
1473911488825	addons.manager	DEBUG	Provider finished startup: XPIProvider
1473911488825	addons.manager	DEBUG	Starting provider: LightweightThemeManager
1473911488826	addons.manager	DEBUG	Registering shutdown blocker for LightweightThemeManager
1473911488826	addons.manager	DEBUG	Provider finished startup: LightweightThemeManager
1473911488827	addons.manager	DEBUG	Starting provider: GMPProvider
1473911488843	addons.manager	DEBUG	Registering shutdown blocker for GMPProvider
1473911488844	addons.manager	DEBUG	Provider finished startup: GMPProvider
1473911488844	addons.manager	DEBUG	Starting provider: PluginProvider
1473911488845	addons.manager	DEBUG	Registering shutdown blocker for PluginProvider
1473911488846	addons.manager	DEBUG	Provider finished startup: PluginProvider
1473911488847	addons.manager	DEBUG	Completed startup sequence
1473911490397	addons.manager	DEBUG	Starting provider: <unnamed-provider>
1473911490398	addons.manager	DEBUG	Registering shutdown blocker for <unnamed-provider>
1473911490399	addons.manager	DEBUG	Provider finished startup: <unnamed-provider>
1473911490722	DeferredSave.extensions.json	DEBUG	Write succeeded
1473911490722	addons.xpi-utils	DEBUG	XPI Database saved, setting schema version preference to 17
1473911490723	DeferredSave.extensions.json	DEBUG	Starting timer
1473911490752	DeferredSave.extensions.json	DEBUG	Starting write
1473911490760	addons.repository	DEBUG	No addons.json found.
1473911490761	DeferredSave.addons.json	DEBUG	Save changes
1473911490773	DeferredSave.addons.json	DEBUG	Starting timer
1473911490860	addons.manager	DEBUG	Starting provider: PreviousExperimentProvider
1473911490860	addons.manager	DEBUG	Registering shutdown blocker for PreviousExperimentProvider
1473911490861	addons.manager	DEBUG	Provider finished startup: PreviousExperimentProvider
1473911490876	DeferredSave.addons.json	DEBUG	Starting write
1473911490888	DeferredSave.extensions.json	DEBUG	Write succeeded
1473911490925	DeferredSave.addons.json	DEBUG	Write succeeded

	at org.openqa.selenium.firefox.internal.NewProfileExtensionConnection.start(NewProfileExtensionConnection.java:113)
	... 36 more
... Removed 29 stack frames]]>
    </failure>
  </testcase> <!-- @BeforeMethod setDriver -->
  <testcase name="@AfterMethod tearDown" time="0.0" classname="com.stocksValidation.PageSetupTest">
    <skipped/>
  </testcase> <!-- @AfterMethod tearDown -->
  <testcase name="@BeforeMethod setDriver" time="0.0" classname="com.stocksValidation.PageSetupTest">
    <skipped/>
  </testcase> <!-- @BeforeMethod setDriver -->
  <testcase name="@AfterMethod tearDown" time="0.0" classname="com.stocksValidation.PageSetupTest">
    <skipped/>
  </testcase> <!-- @AfterMethod tearDown -->
  <testcase name="@BeforeMethod setDriver" time="0.0" classname="com.stocksValidation.StockAdvanceTest">
    <skipped/>
  </testcase> <!-- @BeforeMethod setDriver -->
  <testcase name="@AfterMethod tearDown" time="0.0" classname="com.stocksValidation.StockAdvanceTest">
    <skipped/>
  </testcase> <!-- @AfterMethod tearDown -->
  <testcase name="@BeforeMethod setDriver" time="0.0" classname="com.stocksValidation.StockAdvanceTest">
    <skipped/>
  </testcase> <!-- @BeforeMethod setDriver -->
  <testcase name="@AfterMethod tearDown" time="0.0" classname="com.stocksValidation.StockAdvanceTest">
    <skipped/>
  </testcase> <!-- @AfterMethod tearDown -->
  <testcase name="@BeforeMethod setDriver" time="0.0" classname="com.stocksValidation.StockAdvanceTest">
    <skipped/>
  </testcase> <!-- @BeforeMethod setDriver -->
  <testcase name="@AfterMethod tearDown" time="0.0" classname="com.stocksValidation.StockAdvanceTest">
    <skipped/>
  </testcase> <!-- @AfterMethod tearDown -->
  <testcase name="@BeforeMethod setDriver" time="0.0" classname="com.stocksValidation.StockDeclineTest">
    <skipped/>
  </testcase> <!-- @BeforeMethod setDriver -->
  <testcase name="@AfterMethod tearDown" time="0.0" classname="com.stocksValidation.StockDeclineTest">
    <skipped/>
  </testcase> <!-- @AfterMethod tearDown -->
  <testcase name="@BeforeMethod setDriver" time="0.0" classname="com.stocksValidation.StockDeclineTest">
    <skipped/>
  </testcase> <!-- @BeforeMethod setDriver -->
  <testcase name="@AfterMethod tearDown" time="0.0" classname="com.stocksValidation.StockDeclineTest">
    <skipped/>
  </testcase> <!-- @AfterMethod tearDown -->
  <testcase name="@BeforeMethod setDriver" time="0.0" classname="com.stocksValidation.StockDeclineTest">
    <skipped/>
  </testcase> <!-- @BeforeMethod setDriver -->
  <testcase name="@AfterMethod tearDown" time="0.0" classname="com.stocksValidation.StockDeclineTest">
    <skipped/>
  </testcase> <!-- @AfterMethod tearDown -->
  <testcase name="@BeforeMethod setDriver" time="0.0" classname="com.stocksValidation.ChangePercentValidationTest">
    <skipped/>
  </testcase> <!-- @BeforeMethod setDriver -->
  <testcase name="@AfterMethod tearDown" time="0.0" classname="com.stocksValidation.ChangePercentValidationTest">
    <skipped/>
  </testcase> <!-- @AfterMethod tearDown -->
  <testcase name="@BeforeMethod setDriver" time="0.0" classname="com.stocksValidation.ChangePercentValidationTest">
    <skipped/>
  </testcase> <!-- @BeforeMethod setDriver -->
  <testcase name="@AfterMethod tearDown" time="0.0" classname="com.stocksValidation.ChangePercentValidationTest">
    <skipped/>
  </testcase> <!-- @AfterMethod tearDown -->
  <testcase name="@BeforeMethod setDriver" time="0.0" classname="com.stocksValidation.ChangePercentValidationTest">
    <skipped/>
  </testcase> <!-- @BeforeMethod setDriver -->
  <testcase name="@AfterMethod tearDown" time="0.0" classname="com.stocksValidation.ChangePercentValidationTest">
    <skipped/>
  </testcase> <!-- @AfterMethod tearDown -->
  <testcase name="@BeforeMethod setDriver" time="0.0" classname="com.stocksValidation.ChangePercentDescendingTest">
    <skipped/>
  </testcase> <!-- @BeforeMethod setDriver -->
  <testcase name="@AfterMethod tearDown" time="0.0" classname="com.stocksValidation.ChangePercentDescendingTest">
    <skipped/>
  </testcase> <!-- @AfterMethod tearDown -->
  <testcase name="validateStocksPageLoads" time="0.002" classname="com.stocksValidation.PageSetupTest">
    <skipped/>
  </testcase> <!-- validateStocksPageLoads -->
  <testcase name="validateStocksPageUIelements" time="0.0" classname="com.stocksValidation.PageSetupTest">
    <skipped/>
  </testcase> <!-- validateStocksPageUIelements -->
  <testcase name="matchAdvancesInHeadingAndTable" time="0.0" classname="com.stocksValidation.StockAdvanceTest">
    <skipped/>
  </testcase> <!-- matchAdvancesInHeadingAndTable -->
  <testcase name="validateFirstElementIsAdvances" time="0.0" classname="com.stocksValidation.StockAdvanceTest">
    <skipped/>
  </testcase> <!-- validateFirstElementIsAdvances -->
  <testcase name="validateSecondElementInAdvacesIsInt" time="0.0" classname="com.stocksValidation.StockAdvanceTest">
    <skipped/>
  </testcase> <!-- validateSecondElementInAdvacesIsInt -->
  <testcase name="matchDeclinesInHeadingAndTable" time="0.0" classname="com.stocksValidation.StockDeclineTest">
    <skipped/>
  </testcase> <!-- matchDeclinesInHeadingAndTable -->
  <testcase name="validateFirstElementIsDeclines" time="0.0" classname="com.stocksValidation.StockDeclineTest">
    <skipped/>
  </testcase> <!-- validateFirstElementIsDeclines -->
  <testcase name="validateSecondElementInDeclinesIsInt" time="0.0" classname="com.stocksValidation.StockDeclineTest">
    <skipped/>
  </testcase> <!-- validateSecondElementInDeclinesIsInt -->
  <testcase name="validateChangePercentAllStocks" time="0.0" classname="com.stocksValidation.ChangePercentValidationTest">
    <skipped/>
  </testcase> <!-- validateChangePercentAllStocks -->
  <testcase name="validateChangePercentNiftyCumulative" time="0.001" classname="com.stocksValidation.ChangePercentValidationTest">
    <skipped/>
  </testcase> <!-- validateChangePercentNiftyCumulative -->
  <testcase name="validateColumnHeadings" time="0.0" classname="com.stocksValidation.ChangePercentValidationTest">
    <skipped/>
  </testcase> <!-- validateColumnHeadings -->
  <testcase name="changePercentIsDescending" time="0.001" classname="com.stocksValidation.ChangePercentDescendingTest">
    <skipped/>
  </testcase> <!-- changePercentIsDescending -->
</testsuite> <!-- Stock_Watch_Tests -->
