<html>
<head>
<title>TestNG:  Stock_Watch_Tests</title>
<link href="../testng.css" rel="stylesheet" type="text/css" />
<link href="../my-testng.css" rel="stylesheet" type="text/css" />

<style type="text/css">
.log { display: none;} 
.stack-trace { display: none;} 
</style>
<script type="text/javascript">
<!--
function flip(e) {
  current = e.style.display;
  if (current == 'block') {
    e.style.display = 'none';
    return 0;
  }
  else {
    e.style.display = 'block';
    return 1;
  }
}

function toggleBox(szDivId, elem, msg1, msg2)
{
  var res = -1;  if (document.getElementById) {
    res = flip(document.getElementById(szDivId));
  }
  else if (document.all) {
    // this is the way old msie versions work
    res = flip(document.all[szDivId]);
  }
  if(elem) {
    if(res == 0) elem.innerHTML = msg1; else elem.innerHTML = msg2;
  }

}

function toggleAllBoxes() {
  if (document.getElementsByTagName) {
    d = document.getElementsByTagName('div');
    for (i = 0; i < d.length; i++) {
      if (d[i].className == 'log') {
        flip(d[i]);
      }
    }
  }
}

// -->
</script>

</head>
<body>
<h2 align='center'>Stock_Watch_Tests</h2><table border='1' align="center">
<tr>
<td>Tests passed/Failed/Skipped:</td><td>0/0/12</td>
</tr><tr>
<td>Started on:</td><td>Thu Sep 15 09:21:25 IST 2016</td>
</tr>
<tr><td>Total time:</td><td>47 seconds (47172 ms)</td>
</tr><tr>
<td>Included groups:</td><td></td>
</tr><tr>
<td>Excluded groups:</td><td></td>
</tr>
</table><p/>
<small><i>(Hover the method name to see the test class name)</i></small><p/>
<table width='100%' border='1' class='invocation-failed'>
<tr><td colspan='4' align='center'><b>FAILED CONFIGURATIONS</b></td></tr>
<tr><td><b>Test method</b></td>
<td width="30%"><b>Exception</b></td>
<td width="10%"><b>Time (seconds)</b></td>
<td><b>Instance</b></td>
</tr>
<tr>
<td title='com.stocksValidation.PageSetupTest.setDriver()'><b>setDriver</b><br>Test class: com.stocksValidation.PageSetupTest<br>Parameters: https://www1.nseindia.com, /live_market/dynaContent/live_watch/equities_stock_watch.htm#, Firefox</td>
<td><div><pre>org.openqa.selenium.WebDriverException: Failed to connect to binary FirefoxBinary(/usr/bin/firefox) on port 7055; process output follows: 
&quot;homepageURL&quot;:null,&quot;contributors&quot;:[&quot;David Bartlett&quot;,&quot;Constantine Murenin&quot;,&quot;Ian Neal&quot;]},&quot;visible&quot;:true,&quot;active&quot;:true,&quot;userDisabled&quot;:false,&quot;appDisabled&quot;:false,&quot;descriptor&quot;:&quot;/usr/lib/firefox/browser/extensions/langpack-en-GB@firefox.mozilla.org.xpi&quot;,&quot;installDate&quot;:1465510504000,&quot;updateDate&quot;:1465510504000,&quot;applyBackgroundUpdates&quot;:1,&quot;bootstrap&quot;:true,&quot;skinnable&quot;:false,&quot;size&quot;:1077233,&quot;sourceURI&quot;:null,&quot;releaseNotesURI&quot;:null,&quot;softDisabled&quot;:false,&quot;foreignInstall&quot;:true,&quot;hasBinaryComponents&quot;:false,&quot;strictCompatibility&quot;:true,&quot;locales&quot;:[],&quot;targetApplications&quot;:[{&quot;id&quot;:&quot;{ec8030f7-c20a-464f-9b0e-13a3a9e97384}&quot;,&quot;minVersion&quot;:&quot;47.0&quot;,&quot;maxVersion&quot;:&quot;47.*&quot;},{&quot;id&quot;:&quot;webapprt@mozilla.org&quot;,&quot;minVersion&quot;:&quot;47.0&quot;,&quot;maxVersion&quot;:&quot;47.*&quot;}],&quot;targetPlatforms&quot;:[],&quot;seen&quot;:true}
1473911488742	addons.xpi	DEBUG	getModTime: Recursive scan of langpack-en-GB@firefox.mozilla.org
1473911488745	DeferredSave.extensions.json	DEBUG	Save changes
1473911488746	addons.xpi	DEBUG	Updating database with changes to installed add-ons
1473911488746	addons.xpi-utils	DEBUG	Updating add-on states
1473911488749	addons.xpi-utils	DEBUG	Writing add-ons list
1473911488752	addons.xpi	DEBUG	Registering manifest for /usr/lib/firefox/browser/features/firefox@getpocket.com.xpi
1473911488753	addons.xpi	DEBUG	Calling bootstrap method startup on firefox@getpocket.com version 1.0.2
1473911488755	addons.xpi	DEBUG	Registering manifest for /usr/lib/firefox/browser/features/e10srollout@mozilla.org.xpi
1473911488756	addons.xpi	DEBUG	Calling bootstrap method startup on e10srollout@mozilla.org version 1.0
1473911488757	addons.xpi	DEBUG	Registering manifest for /usr/lib/firefox/browser/features/loop@mozilla.org.xpi
1473911488758	addons.xpi	DEBUG	Calling bootstrap method startup on loop@mozilla.org version 1.3.2
1473911488812	addons.xpi	DEBUG	Registering manifest for /usr/lib/firefox/browser/extensions/langpack-en-ZA@firefox.mozilla.org.xpi
1473911488816	addons.xpi	DEBUG	Registering manifest for /usr/lib/firefox/browser/extensions/langpack-en-GB@firefox.mozilla.org.xpi
1473911488824	addons.manager	DEBUG	Registering shutdown blocker for XPIProvider
1473911488825	addons.manager	DEBUG	Provider finished startup: XPIProvider
1473911488825	addons.manager	DEBUG	Starting provider: LightweightThemeManager
1473911488826	addons.manager	DEBUG	Registering shutdown blocker for LightweightThemeManager
1473911488826	addons.manager	DEBUG	Provider finished startup: LightweightThemeManager
1473911488827	addons.manager	DEBUG	Starting provider: GMPProvider
1473911488843	addons.manager	DEBUG	Registering shutdown blocker for GMPProvider
1473911488844	addons.manager	DEBUG	Provider finished startup: GMPProvider
1473911488844	addons.manager	DEBUG	Starting provider: PluginProvider
1473911488845	addons.manager	DEBUG	Registering shutdown blocker for PluginProvider
1473911488846	addons.manager	DEBUG	Provider finished startup: PluginProvider
1473911488847	addons.manager	DEBUG	Completed startup sequence
1473911490397	addons.manager	DEBUG	Starting provider: &lt;unnamed-provider&gt;
1473911490398	addons.manager	DEBUG	Registering shutdown blocker for &lt;unnamed-provider&gt;
1473911490399	addons.manager	DEBUG	Provider finished startup: &lt;unnamed-provider&gt;
1473911490722	DeferredSave.extensions.json	DEBUG	Write succeeded
1473911490722	addons.xpi-utils	DEBUG	XPI Database saved, setting schema version preference to 17
1473911490723	DeferredSave.extensions.json	DEBUG	Starting timer
1473911490752	DeferredSave.extensions.json	DEBUG	Starting write
1473911490760	addons.repository	DEBUG	No addons.json found.
1473911490761	DeferredSave.addons.json	DEBUG	Save changes
1473911490773	DeferredSave.addons.json	DEBUG	Starting timer
1473911490860	addons.manager	DEBUG	Starting provider: PreviousExperimentProvider
1473911490860	addons.manager	DEBUG	Registering shutdown blocker for PreviousExperimentProvider
1473911490861	addons.manager	DEBUG	Provider finished startup: PreviousExperimentProvider
1473911490876	DeferredSave.addons.json	DEBUG	Starting write
1473911490888	DeferredSave.extensions.json	DEBUG	Write succeeded
1473911490925	DeferredSave.addons.json	DEBUG	Write succeeded

Build info: version: &apos;2.53.0&apos;, revision: &apos;35ae25b1534ae328c771e0856c93e187490ca824&apos;, time: &apos;2016-03-15 10:43:46&apos;
System info: host: &apos;localhost&apos;, ip: &apos;127.0.0.1&apos;, os.name: &apos;Linux&apos;, os.arch: &apos;amd64&apos;, os.version: &apos;3.13.0-24-generic&apos;, java.version: &apos;1.8.0_77&apos;
Driver info: driver.version: FirefoxDriver
	at org.openqa.selenium.firefox.internal.NewProfileExtensionConnection.start(NewProfileExtensionConnection.java:125)
	at org.openqa.selenium.firefox.FirefoxDriver.startClient(FirefoxDriver.java:271)
	at org.openqa.selenium.remote.RemoteWebDriver.&lt;init&gt;(RemoteWebDriver.java:119)
	at org.openqa.selenium.firefox.FirefoxDriver.&lt;init&gt;(FirefoxDriver.java:216)
	at org.openqa.selenium.firefox.FirefoxDriver.&lt;init&gt;(FirefoxDriver.java:211)
	at org.openqa.selenium.firefox.FirefoxDriver.&lt;init&gt;(FirefoxDriver.java:207)
	at org.openqa.selenium.firefox.FirefoxDriver.&lt;init&gt;(FirefoxDriver.java:120)
	at com.stocksValidation.TestSetup.setDriver(TestSetup.java:37)
Caused by: org.openqa.selenium.firefox.NotConnectedException: Unable to connect to host 127.0.0.1 on port 7055 after 45000 ms. Firefox console output:
&quot;homepageURL&quot;:null,&quot;contributors&quot;:[&quot;David Bartlett&quot;,&quot;Constantine Murenin&quot;,&quot;Ian Neal&quot;]},&quot;visible&quot;:true,&quot;active&quot;:true,&quot;userDisabled&quot;:false,&quot;appDisabled&quot;:false,&quot;descriptor&quot;:&quot;/usr/lib/firefox/browser/extensions/langpack-en-GB@firefox.mozilla.org.xpi&quot;,&quot;installDate&quot;:1465510504000,&quot;updateDate&quot;:1465510504000,&quot;applyBackgroundUpdates&quot;:1,&quot;bootstrap&quot;:true,&quot;skinnable&quot;:false,&quot;size&quot;:1077233,&quot;sourceURI&quot;:null,&quot;releaseNotesURI&quot;:null,&quot;softDisabled&quot;:false,&quot;foreignInstall&quot;:true,&quot;hasBinaryComponents&quot;:false,&quot;strictCompatibility&quot;:true,&quot;locales&quot;:[],&quot;targetApplications&quot;:[{&quot;id&quot;:&quot;{ec8030f7-c20a-464f-9b0e-13a3a9e97384}&quot;,&quot;minVersion&quot;:&quot;47.0&quot;,&quot;maxVersion&quot;:&quot;47.*&quot;},{&quot;id&quot;:&quot;webapprt@mozilla.org&quot;,&quot;minVersion&quot;:&quot;47.0&quot;,&quot;maxVersion&quot;:&quot;47.*&quot;}],&quot;targetPlatforms&quot;:[],&quot;seen&quot;:true}
1473911488742	addons.xpi	DEBUG	getModTime: Recursive scan of langpack-en-GB@firefox.mozilla.org
1473911488745	DeferredSave.extensions.json	DEBUG	Save changes
1473911488746	addons.xpi	DEBUG	Updating database with changes to installed add-ons
1473911488746	addons.xpi-utils	DEBUG	Updating add-on states
1473911488749	addons.xpi-utils	DEBUG	Writing add-ons list
1473911488752	addons.xpi	DEBUG	Registering manifest for /usr/lib/firefox/browser/features/firefox@getpocket.com.xpi
1473911488753	addons.xpi	DEBUG	Calling bootstrap method startup on firefox@getpocket.com version 1.0.2
1473911488755	addons.xpi	DEBUG	Registering manifest for /usr/lib/firefox/browser/features/e10srollout@mozilla.org.xpi
1473911488756	addons.xpi	DEBUG	Calling bootstrap method startup on e10srollout@mozilla.org version 1.0
1473911488757	addons.xpi	DEBUG	Registering manifest for /usr/lib/firefox/browser/features/loop@mozilla.org.xpi
1473911488758	addons.xpi	DEBUG	Calling bootstrap method startup on loop@mozilla.org version 1.3.2
1473911488812	addons.xpi	DEBUG	Registering manifest for /usr/lib/firefox/browser/extensions/langpack-en-ZA@firefox.mozilla.org.xpi
1473911488816	addons.xpi	DEBUG	Registering manifest for /usr/lib/firefox/browser/extensions/langpack-en-GB@firefox.mozilla.org.xpi
1473911488824	addons.manager	DEBUG	Registering shutdown blocker for XPIProvider
1473911488825	addons.manager	DEBUG	Provider finished startup: XPIProvider
1473911488825	addons.manager	DEBUG	Starting provider: LightweightThemeManager
1473911488826	addons.manager	DEBUG	Registering shutdown blocker for LightweightThemeManager
1473911488826	addons.manager	DEBUG	Provider finished startup: LightweightThemeManager
1473911488827	addons.manager	DEBUG	Starting provider: GMPProvider
1473911488843	addons.manager	DEBUG	Registering shutdown blocker for GMPProvider
1473911488844	addons.manager	DEBUG	Provider finished startup: GMPProvider
1473911488844	addons.manager	DEBUG	Starting provider: PluginProvider
1473911488845	addons.manager	DEBUG	Registering shutdown blocker for PluginProvider
1473911488846	addons.manager	DEBUG	Provider finished startup: PluginProvider
1473911488847	addons.manager	DEBUG	Completed startup sequence
1473911490397	addons.manager	DEBUG	Starting provider: &lt;unnamed-provider&gt;
1473911490398	addons.manager	DEBUG	Registering shutdown blocker for &lt;unnamed-provider&gt;
1473911490399	addons.manager	DEBUG	Provider finished startup: &lt;unnamed-provider&gt;
1473911490722	DeferredSave.extensions.json	DEBUG	Write succeeded
1473911490722	addons.xpi-utils	DEBUG	XPI Database saved, setting schema version preference to 17
1473911490723	DeferredSave.extensions.json	DEBUG	Starting timer
1473911490752	DeferredSave.extensions.json	DEBUG	Starting write
1473911490760	addons.repository	DEBUG	No addons.json found.
1473911490761	DeferredSave.addons.json	DEBUG	Save changes
1473911490773	DeferredSave.addons.json	DEBUG	Starting timer
1473911490860	addons.manager	DEBUG	Starting provider: PreviousExperimentProvider
1473911490860	addons.manager	DEBUG	Registering shutdown blocker for PreviousExperimentProvider
1473911490861	addons.manager	DEBUG	Provider finished startup: PreviousExperimentProvider
1473911490876	DeferredSave.addons.json	DEBUG	Starting write
1473911490888	DeferredSave.extensions.json	DEBUG	Write succeeded
1473911490925	DeferredSave.addons.json	DEBUG	Write succeeded

	at org.openqa.selenium.firefox.internal.NewProfileExtensionConnection.start(NewProfileExtensionConnection.java:113)
	... 36 more
... Removed 29 stack frames</pre></div><a href='#' onClick='toggleBox("stack-trace712609105", this, "Click to show all stack frames", "Click to hide stack frames")'>Click to show all stack frames</a>
<div class='stack-trace' id='stack-trace712609105'><pre>org.openqa.selenium.WebDriverException: Failed to connect to binary FirefoxBinary(/usr/bin/firefox) on port 7055; process output follows: 
&quot;homepageURL&quot;:null,&quot;contributors&quot;:[&quot;David Bartlett&quot;,&quot;Constantine Murenin&quot;,&quot;Ian Neal&quot;]},&quot;visible&quot;:true,&quot;active&quot;:true,&quot;userDisabled&quot;:false,&quot;appDisabled&quot;:false,&quot;descriptor&quot;:&quot;/usr/lib/firefox/browser/extensions/langpack-en-GB@firefox.mozilla.org.xpi&quot;,&quot;installDate&quot;:1465510504000,&quot;updateDate&quot;:1465510504000,&quot;applyBackgroundUpdates&quot;:1,&quot;bootstrap&quot;:true,&quot;skinnable&quot;:false,&quot;size&quot;:1077233,&quot;sourceURI&quot;:null,&quot;releaseNotesURI&quot;:null,&quot;softDisabled&quot;:false,&quot;foreignInstall&quot;:true,&quot;hasBinaryComponents&quot;:false,&quot;strictCompatibility&quot;:true,&quot;locales&quot;:[],&quot;targetApplications&quot;:[{&quot;id&quot;:&quot;{ec8030f7-c20a-464f-9b0e-13a3a9e97384}&quot;,&quot;minVersion&quot;:&quot;47.0&quot;,&quot;maxVersion&quot;:&quot;47.*&quot;},{&quot;id&quot;:&quot;webapprt@mozilla.org&quot;,&quot;minVersion&quot;:&quot;47.0&quot;,&quot;maxVersion&quot;:&quot;47.*&quot;}],&quot;targetPlatforms&quot;:[],&quot;seen&quot;:true}
1473911488742	addons.xpi	DEBUG	getModTime: Recursive scan of langpack-en-GB@firefox.mozilla.org
1473911488745	DeferredSave.extensions.json	DEBUG	Save changes
1473911488746	addons.xpi	DEBUG	Updating database with changes to installed add-ons
1473911488746	addons.xpi-utils	DEBUG	Updating add-on states
1473911488749	addons.xpi-utils	DEBUG	Writing add-ons list
1473911488752	addons.xpi	DEBUG	Registering manifest for /usr/lib/firefox/browser/features/firefox@getpocket.com.xpi
1473911488753	addons.xpi	DEBUG	Calling bootstrap method startup on firefox@getpocket.com version 1.0.2
1473911488755	addons.xpi	DEBUG	Registering manifest for /usr/lib/firefox/browser/features/e10srollout@mozilla.org.xpi
1473911488756	addons.xpi	DEBUG	Calling bootstrap method startup on e10srollout@mozilla.org version 1.0
1473911488757	addons.xpi	DEBUG	Registering manifest for /usr/lib/firefox/browser/features/loop@mozilla.org.xpi
1473911488758	addons.xpi	DEBUG	Calling bootstrap method startup on loop@mozilla.org version 1.3.2
1473911488812	addons.xpi	DEBUG	Registering manifest for /usr/lib/firefox/browser/extensions/langpack-en-ZA@firefox.mozilla.org.xpi
1473911488816	addons.xpi	DEBUG	Registering manifest for /usr/lib/firefox/browser/extensions/langpack-en-GB@firefox.mozilla.org.xpi
1473911488824	addons.manager	DEBUG	Registering shutdown blocker for XPIProvider
1473911488825	addons.manager	DEBUG	Provider finished startup: XPIProvider
1473911488825	addons.manager	DEBUG	Starting provider: LightweightThemeManager
1473911488826	addons.manager	DEBUG	Registering shutdown blocker for LightweightThemeManager
1473911488826	addons.manager	DEBUG	Provider finished startup: LightweightThemeManager
1473911488827	addons.manager	DEBUG	Starting provider: GMPProvider
1473911488843	addons.manager	DEBUG	Registering shutdown blocker for GMPProvider
1473911488844	addons.manager	DEBUG	Provider finished startup: GMPProvider
1473911488844	addons.manager	DEBUG	Starting provider: PluginProvider
1473911488845	addons.manager	DEBUG	Registering shutdown blocker for PluginProvider
1473911488846	addons.manager	DEBUG	Provider finished startup: PluginProvider
1473911488847	addons.manager	DEBUG	Completed startup sequence
1473911490397	addons.manager	DEBUG	Starting provider: &lt;unnamed-provider&gt;
1473911490398	addons.manager	DEBUG	Registering shutdown blocker for &lt;unnamed-provider&gt;
1473911490399	addons.manager	DEBUG	Provider finished startup: &lt;unnamed-provider&gt;
1473911490722	DeferredSave.extensions.json	DEBUG	Write succeeded
1473911490722	addons.xpi-utils	DEBUG	XPI Database saved, setting schema version preference to 17
1473911490723	DeferredSave.extensions.json	DEBUG	Starting timer
1473911490752	DeferredSave.extensions.json	DEBUG	Starting write
1473911490760	addons.repository	DEBUG	No addons.json found.
1473911490761	DeferredSave.addons.json	DEBUG	Save changes
1473911490773	DeferredSave.addons.json	DEBUG	Starting timer
1473911490860	addons.manager	DEBUG	Starting provider: PreviousExperimentProvider
1473911490860	addons.manager	DEBUG	Registering shutdown blocker for PreviousExperimentProvider
1473911490861	addons.manager	DEBUG	Provider finished startup: PreviousExperimentProvider
1473911490876	DeferredSave.addons.json	DEBUG	Starting write
1473911490888	DeferredSave.extensions.json	DEBUG	Write succeeded
1473911490925	DeferredSave.addons.json	DEBUG	Write succeeded

Build info: version: &apos;2.53.0&apos;, revision: &apos;35ae25b1534ae328c771e0856c93e187490ca824&apos;, time: &apos;2016-03-15 10:43:46&apos;
System info: host: &apos;localhost&apos;, ip: &apos;127.0.0.1&apos;, os.name: &apos;Linux&apos;, os.arch: &apos;amd64&apos;, os.version: &apos;3.13.0-24-generic&apos;, java.version: &apos;1.8.0_77&apos;
Driver info: driver.version: FirefoxDriver
	at org.openqa.selenium.firefox.internal.NewProfileExtensionConnection.start(NewProfileExtensionConnection.java:125)
	at org.openqa.selenium.firefox.FirefoxDriver.startClient(FirefoxDriver.java:271)
	at org.openqa.selenium.remote.RemoteWebDriver.&lt;init&gt;(RemoteWebDriver.java:119)
	at org.openqa.selenium.firefox.FirefoxDriver.&lt;init&gt;(FirefoxDriver.java:216)
	at org.openqa.selenium.firefox.FirefoxDriver.&lt;init&gt;(FirefoxDriver.java:211)
	at org.openqa.selenium.firefox.FirefoxDriver.&lt;init&gt;(FirefoxDriver.java:207)
	at org.openqa.selenium.firefox.FirefoxDriver.&lt;init&gt;(FirefoxDriver.java:120)
	at com.stocksValidation.TestSetup.setDriver(TestSetup.java:37)
	at sun.reflect.NativeMethodAccessorImpl.invoke0(Native Method)
	at sun.reflect.NativeMethodAccessorImpl.invoke(NativeMethodAccessorImpl.java:62)
	at sun.reflect.DelegatingMethodAccessorImpl.invoke(DelegatingMethodAccessorImpl.java:43)
	at java.lang.reflect.Method.invoke(Method.java:498)
	at org.testng.internal.MethodInvocationHelper.invokeMethod(MethodInvocationHelper.java:86)
	at org.testng.internal.Invoker.invokeConfigurationMethod(Invoker.java:514)
	at org.testng.internal.Invoker.invokeConfigurations(Invoker.java:215)
	at org.testng.internal.Invoker.invokeMethod(Invoker.java:589)
	at org.testng.internal.Invoker.invokeTestMethod(Invoker.java:820)
	at org.testng.internal.Invoker.invokeTestMethods(Invoker.java:1128)
	at org.testng.internal.TestMethodWorker.invokeTestMethods(TestMethodWorker.java:129)
	at org.testng.internal.TestMethodWorker.run(TestMethodWorker.java:112)
	at org.testng.TestRunner.privateRun(TestRunner.java:782)
	at org.testng.TestRunner.run(TestRunner.java:632)
	at org.testng.SuiteRunner.runTest(SuiteRunner.java:366)
	at org.testng.SuiteRunner.runSequentially(SuiteRunner.java:361)
	at org.testng.SuiteRunner.privateRun(SuiteRunner.java:319)
	at org.testng.SuiteRunner.run(SuiteRunner.java:268)
	at org.testng.SuiteRunnerWorker.runSuite(SuiteRunnerWorker.java:52)
	at org.testng.SuiteRunnerWorker.run(SuiteRunnerWorker.java:86)
	at org.testng.TestNG.runSuitesSequentially(TestNG.java:1244)
	at org.testng.TestNG.runSuitesLocally(TestNG.java:1169)
	at org.testng.TestNG.run(TestNG.java:1064)
	at org.apache.maven.surefire.testng.TestNGExecutor.run(TestNGExecutor.java:281)
	at org.apache.maven.surefire.testng.TestNGXmlTestSuite.execute(TestNGXmlTestSuite.java:75)
	at org.apache.maven.surefire.testng.TestNGProvider.invoke(TestNGProvider.java:121)
	at org.apache.maven.surefire.booter.ForkedBooter.invokeProviderInSameClassLoader(ForkedBooter.java:290)
	at org.apache.maven.surefire.booter.ForkedBooter.runSuitesInProcess(ForkedBooter.java:242)
	at org.apache.maven.surefire.booter.ForkedBooter.main(ForkedBooter.java:121)
Caused by: org.openqa.selenium.firefox.NotConnectedException: Unable to connect to host 127.0.0.1 on port 7055 after 45000 ms. Firefox console output:
&quot;homepageURL&quot;:null,&quot;contributors&quot;:[&quot;David Bartlett&quot;,&quot;Constantine Murenin&quot;,&quot;Ian Neal&quot;]},&quot;visible&quot;:true,&quot;active&quot;:true,&quot;userDisabled&quot;:false,&quot;appDisabled&quot;:false,&quot;descriptor&quot;:&quot;/usr/lib/firefox/browser/extensions/langpack-en-GB@firefox.mozilla.org.xpi&quot;,&quot;installDate&quot;:1465510504000,&quot;updateDate&quot;:1465510504000,&quot;applyBackgroundUpdates&quot;:1,&quot;bootstrap&quot;:true,&quot;skinnable&quot;:false,&quot;size&quot;:1077233,&quot;sourceURI&quot;:null,&quot;releaseNotesURI&quot;:null,&quot;softDisabled&quot;:false,&quot;foreignInstall&quot;:true,&quot;hasBinaryComponents&quot;:false,&quot;strictCompatibility&quot;:true,&quot;locales&quot;:[],&quot;targetApplications&quot;:[{&quot;id&quot;:&quot;{ec8030f7-c20a-464f-9b0e-13a3a9e97384}&quot;,&quot;minVersion&quot;:&quot;47.0&quot;,&quot;maxVersion&quot;:&quot;47.*&quot;},{&quot;id&quot;:&quot;webapprt@mozilla.org&quot;,&quot;minVersion&quot;:&quot;47.0&quot;,&quot;maxVersion&quot;:&quot;47.*&quot;}],&quot;targetPlatforms&quot;:[],&quot;seen&quot;:true}
1473911488742	addons.xpi	DEBUG	getModTime: Recursive scan of langpack-en-GB@firefox.mozilla.org
1473911488745	DeferredSave.extensions.json	DEBUG	Save changes
1473911488746	addons.xpi	DEBUG	Updating database with changes to installed add-ons
1473911488746	addons.xpi-utils	DEBUG	Updating add-on states
1473911488749	addons.xpi-utils	DEBUG	Writing add-ons list
1473911488752	addons.xpi	DEBUG	Registering manifest for /usr/lib/firefox/browser/features/firefox@getpocket.com.xpi
1473911488753	addons.xpi	DEBUG	Calling bootstrap method startup on firefox@getpocket.com version 1.0.2
1473911488755	addons.xpi	DEBUG	Registering manifest for /usr/lib/firefox/browser/features/e10srollout@mozilla.org.xpi
1473911488756	addons.xpi	DEBUG	Calling bootstrap method startup on e10srollout@mozilla.org version 1.0
1473911488757	addons.xpi	DEBUG	Registering manifest for /usr/lib/firefox/browser/features/loop@mozilla.org.xpi
1473911488758	addons.xpi	DEBUG	Calling bootstrap method startup on loop@mozilla.org version 1.3.2
1473911488812	addons.xpi	DEBUG	Registering manifest for /usr/lib/firefox/browser/extensions/langpack-en-ZA@firefox.mozilla.org.xpi
1473911488816	addons.xpi	DEBUG	Registering manifest for /usr/lib/firefox/browser/extensions/langpack-en-GB@firefox.mozilla.org.xpi
1473911488824	addons.manager	DEBUG	Registering shutdown blocker for XPIProvider
1473911488825	addons.manager	DEBUG	Provider finished startup: XPIProvider
1473911488825	addons.manager	DEBUG	Starting provider: LightweightThemeManager
1473911488826	addons.manager	DEBUG	Registering shutdown blocker for LightweightThemeManager
1473911488826	addons.manager	DEBUG	Provider finished startup: LightweightThemeManager
1473911488827	addons.manager	DEBUG	Starting provider: GMPProvider
1473911488843	addons.manager	DEBUG	Registering shutdown blocker for GMPProvider
1473911488844	addons.manager	DEBUG	Provider finished startup: GMPProvider
1473911488844	addons.manager	DEBUG	Starting provider: PluginProvider
1473911488845	addons.manager	DEBUG	Registering shutdown blocker for PluginProvider
1473911488846	addons.manager	DEBUG	Provider finished startup: PluginProvider
1473911488847	addons.manager	DEBUG	Completed startup sequence
1473911490397	addons.manager	DEBUG	Starting provider: &lt;unnamed-provider&gt;
1473911490398	addons.manager	DEBUG	Registering shutdown blocker for &lt;unnamed-provider&gt;
1473911490399	addons.manager	DEBUG	Provider finished startup: &lt;unnamed-provider&gt;
1473911490722	DeferredSave.extensions.json	DEBUG	Write succeeded
1473911490722	addons.xpi-utils	DEBUG	XPI Database saved, setting schema version preference to 17
1473911490723	DeferredSave.extensions.json	DEBUG	Starting timer
1473911490752	DeferredSave.extensions.json	DEBUG	Starting write
1473911490760	addons.repository	DEBUG	No addons.json found.
1473911490761	DeferredSave.addons.json	DEBUG	Save changes
1473911490773	DeferredSave.addons.json	DEBUG	Starting timer
1473911490860	addons.manager	DEBUG	Starting provider: PreviousExperimentProvider
1473911490860	addons.manager	DEBUG	Registering shutdown blocker for PreviousExperimentProvider
1473911490861	addons.manager	DEBUG	Provider finished startup: PreviousExperimentProvider
1473911490876	DeferredSave.addons.json	DEBUG	Starting write
1473911490888	DeferredSave.extensions.json	DEBUG	Write succeeded
1473911490925	DeferredSave.addons.json	DEBUG	Write succeeded

	at org.openqa.selenium.firefox.internal.NewProfileExtensionConnection.start(NewProfileExtensionConnection.java:113)
	... 36 more
</pre></div></td>
<td>0</td>
<td>com.stocksValidation.PageSetupTest@35f983a6</td></tr>
</table><p>
<table width='100%' border='1' class='invocation-skipped'>
<tr><td colspan='4' align='center'><b>SKIPPED CONFIGURATIONS</b></td></tr>
<tr><td><b>Test method</b></td>
<td width="30%"><b>Exception</b></td>
<td width="10%"><b>Time (seconds)</b></td>
<td><b>Instance</b></td>
</tr>
<tr>
<td title='com.stocksValidation.PageSetupTest.setDriver()'><b>setDriver</b><br>Test class: com.stocksValidation.PageSetupTest</td>
<td></td>
<td>0</td>
<td>com.stocksValidation.PageSetupTest@35f983a6</td></tr>
<tr>
<td title='com.stocksValidation.StockAdvanceTest.setDriver()'><b>setDriver</b><br>Test class: com.stocksValidation.StockAdvanceTest</td>
<td></td>
<td>0</td>
<td>com.stocksValidation.StockAdvanceTest@7f690630</td></tr>
<tr>
<td title='com.stocksValidation.StockAdvanceTest.setDriver()'><b>setDriver</b><br>Test class: com.stocksValidation.StockAdvanceTest</td>
<td></td>
<td>0</td>
<td>com.stocksValidation.StockAdvanceTest@7f690630</td></tr>
<tr>
<td title='com.stocksValidation.StockAdvanceTest.setDriver()'><b>setDriver</b><br>Test class: com.stocksValidation.StockAdvanceTest</td>
<td></td>
<td>0</td>
<td>com.stocksValidation.StockAdvanceTest@7f690630</td></tr>
<tr>
<td title='com.stocksValidation.StockDeclineTest.setDriver()'><b>setDriver</b><br>Test class: com.stocksValidation.StockDeclineTest</td>
<td></td>
<td>0</td>
<td>com.stocksValidation.StockDeclineTest@edf4efb</td></tr>
<tr>
<td title='com.stocksValidation.StockDeclineTest.setDriver()'><b>setDriver</b><br>Test class: com.stocksValidation.StockDeclineTest</td>
<td></td>
<td>0</td>
<td>com.stocksValidation.StockDeclineTest@edf4efb</td></tr>
<tr>
<td title='com.stocksValidation.StockDeclineTest.setDriver()'><b>setDriver</b><br>Test class: com.stocksValidation.StockDeclineTest</td>
<td></td>
<td>0</td>
<td>com.stocksValidation.StockDeclineTest@edf4efb</td></tr>
<tr>
<td title='com.stocksValidation.ChangePercentValidationTest.setDriver()'><b>setDriver</b><br>Test class: com.stocksValidation.ChangePercentValidationTest</td>
<td></td>
<td>0</td>
<td>com.stocksValidation.ChangePercentValidationTest@2f7a2457</td></tr>
<tr>
<td title='com.stocksValidation.ChangePercentValidationTest.setDriver()'><b>setDriver</b><br>Test class: com.stocksValidation.ChangePercentValidationTest</td>
<td></td>
<td>0</td>
<td>com.stocksValidation.ChangePercentValidationTest@2f7a2457</td></tr>
<tr>
<td title='com.stocksValidation.ChangePercentValidationTest.setDriver()'><b>setDriver</b><br>Test class: com.stocksValidation.ChangePercentValidationTest</td>
<td></td>
<td>0</td>
<td>com.stocksValidation.ChangePercentValidationTest@2f7a2457</td></tr>
<tr>
<td title='com.stocksValidation.ChangePercentDescendingTest.setDriver()'><b>setDriver</b><br>Test class: com.stocksValidation.ChangePercentDescendingTest</td>
<td></td>
<td>0</td>
<td>com.stocksValidation.ChangePercentDescendingTest@566776ad</td></tr>
<tr>
<td title='com.stocksValidation.PageSetupTest.tearDown()'><b>tearDown</b><br>Test class: com.stocksValidation.PageSetupTest</td>
<td></td>
<td>0</td>
<td>com.stocksValidation.PageSetupTest@35f983a6</td></tr>
<tr>
<td title='com.stocksValidation.PageSetupTest.tearDown()'><b>tearDown</b><br>Test class: com.stocksValidation.PageSetupTest</td>
<td></td>
<td>0</td>
<td>com.stocksValidation.PageSetupTest@35f983a6</td></tr>
<tr>
<td title='com.stocksValidation.StockAdvanceTest.tearDown()'><b>tearDown</b><br>Test class: com.stocksValidation.StockAdvanceTest</td>
<td></td>
<td>0</td>
<td>com.stocksValidation.StockAdvanceTest@7f690630</td></tr>
<tr>
<td title='com.stocksValidation.StockAdvanceTest.tearDown()'><b>tearDown</b><br>Test class: com.stocksValidation.StockAdvanceTest</td>
<td></td>
<td>0</td>
<td>com.stocksValidation.StockAdvanceTest@7f690630</td></tr>
<tr>
<td title='com.stocksValidation.StockAdvanceTest.tearDown()'><b>tearDown</b><br>Test class: com.stocksValidation.StockAdvanceTest</td>
<td></td>
<td>0</td>
<td>com.stocksValidation.StockAdvanceTest@7f690630</td></tr>
<tr>
<td title='com.stocksValidation.StockDeclineTest.tearDown()'><b>tearDown</b><br>Test class: com.stocksValidation.StockDeclineTest</td>
<td></td>
<td>0</td>
<td>com.stocksValidation.StockDeclineTest@edf4efb</td></tr>
<tr>
<td title='com.stocksValidation.StockDeclineTest.tearDown()'><b>tearDown</b><br>Test class: com.stocksValidation.StockDeclineTest</td>
<td></td>
<td>0</td>
<td>com.stocksValidation.StockDeclineTest@edf4efb</td></tr>
<tr>
<td title='com.stocksValidation.StockDeclineTest.tearDown()'><b>tearDown</b><br>Test class: com.stocksValidation.StockDeclineTest</td>
<td></td>
<td>0</td>
<td>com.stocksValidation.StockDeclineTest@edf4efb</td></tr>
<tr>
<td title='com.stocksValidation.ChangePercentValidationTest.tearDown()'><b>tearDown</b><br>Test class: com.stocksValidation.ChangePercentValidationTest</td>
<td></td>
<td>0</td>
<td>com.stocksValidation.ChangePercentValidationTest@2f7a2457</td></tr>
<tr>
<td title='com.stocksValidation.ChangePercentValidationTest.tearDown()'><b>tearDown</b><br>Test class: com.stocksValidation.ChangePercentValidationTest</td>
<td></td>
<td>0</td>
<td>com.stocksValidation.ChangePercentValidationTest@2f7a2457</td></tr>
<tr>
<td title='com.stocksValidation.ChangePercentValidationTest.tearDown()'><b>tearDown</b><br>Test class: com.stocksValidation.ChangePercentValidationTest</td>
<td></td>
<td>0</td>
<td>com.stocksValidation.ChangePercentValidationTest@2f7a2457</td></tr>
<tr>
<td title='com.stocksValidation.ChangePercentDescendingTest.tearDown()'><b>tearDown</b><br>Test class: com.stocksValidation.ChangePercentDescendingTest</td>
<td></td>
<td>0</td>
<td>com.stocksValidation.ChangePercentDescendingTest@566776ad</td></tr>
</table><p>
<table width='100%' border='1' class='invocation-skipped'>
<tr><td colspan='4' align='center'><b>SKIPPED TESTS</b></td></tr>
<tr><td><b>Test method</b></td>
<td width="30%"><b>Exception</b></td>
<td width="10%"><b>Time (seconds)</b></td>
<td><b>Instance</b></td>
</tr>
<tr>
<td title='com.stocksValidation.ChangePercentDescendingTest.changePercentIsDescending()'><b>changePercentIsDescending</b><br>Test class: com.stocksValidation.ChangePercentDescendingTest</td>
<td></td>
<td>0</td>
<td>com.stocksValidation.ChangePercentDescendingTest@566776ad</td></tr>
<tr>
<td title='com.stocksValidation.StockAdvanceTest.matchAdvancesInHeadingAndTable()'><b>matchAdvancesInHeadingAndTable</b><br>Test class: com.stocksValidation.StockAdvanceTest</td>
<td></td>
<td>0</td>
<td>com.stocksValidation.StockAdvanceTest@7f690630</td></tr>
<tr>
<td title='com.stocksValidation.StockDeclineTest.matchDeclinesInHeadingAndTable()'><b>matchDeclinesInHeadingAndTable</b><br>Test class: com.stocksValidation.StockDeclineTest</td>
<td></td>
<td>0</td>
<td>com.stocksValidation.StockDeclineTest@edf4efb</td></tr>
<tr>
<td title='com.stocksValidation.ChangePercentValidationTest.validateChangePercentAllStocks()'><b>validateChangePercentAllStocks</b><br>Test class: com.stocksValidation.ChangePercentValidationTest</td>
<td></td>
<td>0</td>
<td>com.stocksValidation.ChangePercentValidationTest@2f7a2457</td></tr>
<tr>
<td title='com.stocksValidation.ChangePercentValidationTest.validateChangePercentNiftyCumulative()'><b>validateChangePercentNiftyCumulative</b><br>Test class: com.stocksValidation.ChangePercentValidationTest</td>
<td></td>
<td>0</td>
<td>com.stocksValidation.ChangePercentValidationTest@2f7a2457</td></tr>
<tr>
<td title='com.stocksValidation.ChangePercentValidationTest.validateColumnHeadings()'><b>validateColumnHeadings</b><br>Test class: com.stocksValidation.ChangePercentValidationTest</td>
<td></td>
<td>0</td>
<td>com.stocksValidation.ChangePercentValidationTest@2f7a2457</td></tr>
<tr>
<td title='com.stocksValidation.StockAdvanceTest.validateFirstElementIsAdvances()'><b>validateFirstElementIsAdvances</b><br>Test class: com.stocksValidation.StockAdvanceTest</td>
<td></td>
<td>0</td>
<td>com.stocksValidation.StockAdvanceTest@7f690630</td></tr>
<tr>
<td title='com.stocksValidation.StockDeclineTest.validateFirstElementIsDeclines()'><b>validateFirstElementIsDeclines</b><br>Test class: com.stocksValidation.StockDeclineTest</td>
<td></td>
<td>0</td>
<td>com.stocksValidation.StockDeclineTest@edf4efb</td></tr>
<tr>
<td title='com.stocksValidation.StockAdvanceTest.validateSecondElementInAdvacesIsInt()'><b>validateSecondElementInAdvacesIsInt</b><br>Test class: com.stocksValidation.StockAdvanceTest</td>
<td></td>
<td>0</td>
<td>com.stocksValidation.StockAdvanceTest@7f690630</td></tr>
<tr>
<td title='com.stocksValidation.StockDeclineTest.validateSecondElementInDeclinesIsInt()'><b>validateSecondElementInDeclinesIsInt</b><br>Test class: com.stocksValidation.StockDeclineTest</td>
<td></td>
<td>0</td>
<td>com.stocksValidation.StockDeclineTest@edf4efb</td></tr>
<tr>
<td title='com.stocksValidation.PageSetupTest.validateStocksPageLoads()'><b>validateStocksPageLoads</b><br>Test class: com.stocksValidation.PageSetupTest<br>Parameters: NSE - National Stock Exchange of India Ltd.</td>
<td></td>
<td>0</td>
<td>com.stocksValidation.PageSetupTest@35f983a6</td></tr>
<tr>
<td title='com.stocksValidation.PageSetupTest.validateStocksPageUIelements()'><b>validateStocksPageUIelements</b><br>Test class: com.stocksValidation.PageSetupTest</td>
<td></td>
<td>0</td>
<td>com.stocksValidation.PageSetupTest@35f983a6</td></tr>
</table><p>
</body>
</html>