<?xml version="1.0" encoding="UTF-8"?>
<testsuite xmlns:xsi="http://www.w3.org/2001/XMLSchema-instance" xsi:schemaLocation="https://maven.apache.org/surefire/maven-surefire-plugin/xsd/surefire-test-report.xsd" name="TestSuite" time="48.456" tests="36" errors="0" skipped="35" failures="1">
  <properties>
    <property name="java.vendor" value="Oracle Corporation"/>
    <property name="teamcity.agent.dotnet.build_id" value="31"/>
    <property name="sun.java.launcher" value="SUN_STANDARD"/>
    <property name="teamcity.buildConfName" value="SeleniumWordpress"/>
    <property name="sun.management.compiler" value="HotSpot 64-Bit Tiered Compilers"/>
    <property name="agent.home.dir" value="/home/yogi/Tools/teamcity"/>
    <property name="os.name" value="Linux"/>
    <property name="teamcity.build.properties.file" value="/home/yogi/Tools/teamcity/temp/buildTmp/teamcity.build7484476821859113438.properties"/>
    <property name="sun.boot.class.path" value="/home/yogi/java/jdk1.8.0_77/jre/lib/resources.jar:/home/yogi/java/jdk1.8.0_77/jre/lib/rt.jar:/home/yogi/java/jdk1.8.0_77/jre/lib/sunrsasign.jar:/home/yogi/java/jdk1.8.0_77/jre/lib/jsse.jar:/home/yogi/java/jdk1.8.0_77/jre/lib/jce.jar:/home/yogi/java/jdk1.8.0_77/jre/lib/charsets.jar:/home/yogi/java/jdk1.8.0_77/jre/lib/jfr.jar:/home/yogi/java/jdk1.8.0_77/jre/classes"/>
    <property name="build.number" value="31"/>
    <property name="java.vm.specification.vendor" value="Oracle Corporation"/>
    <property name="agent.name" value="TeamcityAgent"/>
    <property name="java.runtime.version" value="1.8.0_77-b03"/>
    <property name="teamcity.auth.password" value="nrI35EXSzyRrIEyoQ3gR02DUAMTHCldU"/>
    <property name="teamcity.runner.properties.file" value="/home/yogi/Tools/teamcity/temp/buildTmp/teamcity.runner6698261554278797010.properties"/>
    <property name="agent.ownPort" value="9090"/>
    <property name="suiteXmlFile" value="testng.xml"/>
    <property name="user.name" value="root"/>
    <property name="guice.disable.misplaced.annotation.check" value="true"/>
    <property name="teamcity.build.workingDir" value="/home/yogi/Tools/teamcity/work/2b35ac7e0452d98f"/>
    <property name="maven.repo.local" value="/root/.m2/repository"/>
    <property name="teamcity.version" value="10.0.1 (build 42078)"/>
    <property name="user.language" value="en"/>
    <property name="teamcity.build.id" value="31"/>
    <property name="sun.boot.library.path" value="/home/yogi/java/jdk1.8.0_77/jre/lib/amd64"/>
    <property name="classworlds.conf" value="/home/yogi/Tools/teamcity/temp/buildTmp/teamcity.m2.conf"/>
    <property name="teamcity.maven.watcher.home" value="/home/yogi/Tools/teamcity/plugins/mavenPlugin/maven-watcher"/>
    <property name="java.version" value="1.8.0_77"/>
    <property name="user.timezone" value="Asia/Kolkata"/>
    <property name="teamcity.buildType.id" value="SeleniumWordpress_SeleniumWordpress"/>
    <property name="sun.arch.data.model" value="64"/>
    <property name="java.endorsed.dirs" value="/home/yogi/java/jdk1.8.0_77/jre/lib/endorsed"/>
    <property name="sun.cpu.isalist" value=""/>
    <property name="sun.jnu.encoding" value="UTF-8"/>
    <property name="file.encoding.pkg" value="sun.io"/>
    <property name="file.separator" value="/"/>
    <property name="java.specification.name" value="Java Platform API Specification"/>
    <property name="java.class.version" value="52.0"/>
    <property name="user.country" value="IN"/>
    <property name="securerandom.source" value="file:/dev/./urandom"/>
    <property name="java.home" value="/home/yogi/java/jdk1.8.0_77/jre"/>
    <property name="java.vm.info" value="mixed mode"/>
    <property name="teamcity.auth.userId" value="TeamCityBuildId=31"/>
    <property name="os.version" value="3.13.0-24-generic"/>
    <property name="path.separator" value=":"/>
    <property name="java.vm.version" value="25.77-b03"/>
    <property name="java.awt.printerjob" value="sun.print.PSPrinterJob"/>
    <property name="sun.io.unicode.encoding" value="UnicodeLittle"/>
    <property name="awt.toolkit" value="sun.awt.X11.XToolkit"/>
    <property name="teamcity.agent.cpuBenchmark" value="527"/>
    <property name="user.home" value="/root"/>
    <property name="teamcity.configuration.properties.file" value="/home/yogi/Tools/teamcity/temp/buildTmp/teamcity.config5728522352152631001.properties"/>
    <property name="java.specification.vendor" value="Oracle Corporation"/>
    <property name="java.library.path" value="/root/.linuxbrew/lib64:/root/.linuxbrew/lib::/usr/java/packages/lib/amd64:/usr/lib64:/lib64:/lib:/usr/lib"/>
    <property name="teamcity.projectName" value="SeleniumWordpress"/>
    <property name="java.vendor.url" value="http://java.oracle.com/"/>
    <property name="java.vm.vendor" value="Oracle Corporation"/>
    <property name="maven.home" value="/home/yogi/Tools/teamcity/tools/maven3"/>
    <property name="java.runtime.name" value="Java(TM) SE Runtime Environment"/>
    <property name="sun.java.command" value="org.codehaus.plexus.classworlds.launcher.Launcher -f /home/yogi/workspace/stocksValidation/pom.xml -B clean install test -DsuiteXmlFile=testng.xml"/>
    <property name="java.class.path" value="/home/yogi/Tools/teamcity/tools/maven3/boot/plexus-classworlds-2.4.jar:"/>
    <property name="java.vm.specification.name" value="Java Virtual Machine Specification"/>
    <property name="java.vm.specification.version" value="1.8"/>
    <property name="agent.work.dir" value="/home/yogi/Tools/teamcity/work"/>
    <property name="sun.cpu.endian" value="little"/>
    <property name="sun.os.patch.level" value="unknown"/>
    <property name="java.io.tmpdir" value="/home/yogi/Tools/teamcity/temp/buildTmp"/>
    <property name="java.vendor.url.bug" value="http://bugreport.sun.com/bugreport/"/>
    <property name="maven.multiModuleProjectDirectory" value="/home/yogi/Tools/teamcity/work/2b35ac7e0452d98f"/>
    <property name="os.arch" value="amd64"/>
    <property name="java.awt.graphicsenv" value="sun.awt.X11GraphicsEnvironment"/>
    <property name="teamcity.build.checkoutDir" value="/home/yogi/Tools/teamcity/work/2b35ac7e0452d98f"/>
    <property name="java.ext.dirs" value="/home/yogi/java/jdk1.8.0_77/jre/lib/ext:/usr/java/packages/lib/ext"/>
    <property name="user.dir" value="/home/yogi/Tools/teamcity/work/2b35ac7e0452d98f"/>
    <property name="teamcity.build.changedFiles.file" value="/home/yogi/Tools/teamcity/temp/buildTmp/changedFiles4100075352329125681.txt"/>
    <property name="line.separator" value="&#10;"/>
    <property name="java.vm.name" value="Java HotSpot(TM) 64-Bit Server VM"/>
    <property name="teamcity.tests.recentlyFailedTests.file" value="/home/yogi/Tools/teamcity/temp/buildTmp/testsToRunFirst7416578986357454525.txt"/>
    <property name="file.encoding" value="UTF-8"/>
    <property name="teamcity.agent.dotnet.agent_url" value="http://localhost:9090/RPC2"/>
    <property name="java.specification.version" value="1.8"/>
    <property name="com.jetbrains.maven.watcher.report.file" value="/home/yogi/Tools/teamcity/temp/buildTmp/maven-build-info.xml"/>
    <property name="teamcity.build.tempDir" value="/home/yogi/Tools/teamcity/temp/buildTmp"/>
  </properties>
  <testcase name="setDriver" classname="com.stocksValidation.PageSetupTest" time="47.872">
    <failure message="Failed to connect to binary FirefoxBinary(/usr/bin/firefox) on port 7055; process output follows: &#10;&quot;homepageURL&quot;:null,&quot;contributors&quot;:[&quot;David Bartlett&quot;,&quot;Constantine Murenin&quot;,&quot;Ian Neal&quot;]},&quot;visible&quot;:true,&quot;active&quot;:true,&quot;userDisabled&quot;:false,&quot;appDisabled&quot;:false,&quot;descriptor&quot;:&quot;/usr/lib/firefox/browser/extensions/langpack-en-GB@firefox.mozilla.org.xpi&quot;,&quot;installDate&quot;:1465510504000,&quot;updateDate&quot;:1465510504000,&quot;applyBackgroundUpdates&quot;:1,&quot;bootstrap&quot;:true,&quot;skinnable&quot;:false,&quot;size&quot;:1077233,&quot;sourceURI&quot;:null,&quot;releaseNotesURI&quot;:null,&quot;softDisabled&quot;:false,&quot;foreignInstall&quot;:true,&quot;hasBinaryComponents&quot;:false,&quot;strictCompatibility&quot;:true,&quot;locales&quot;:[],&quot;targetApplications&quot;:[{&quot;id&quot;:&quot;{ec8030f7-c20a-464f-9b0e-13a3a9e97384}&quot;,&quot;minVersion&quot;:&quot;47.0&quot;,&quot;maxVersion&quot;:&quot;47.*&quot;},{&quot;id&quot;:&quot;webapprt@mozilla.org&quot;,&quot;minVersion&quot;:&quot;47.0&quot;,&quot;maxVersion&quot;:&quot;47.*&quot;}],&quot;targetPlatforms&quot;:[],&quot;seen&quot;:true}&#10;1473911488742	addons.xpi	DEBUG	getModTime: Recursive scan of langpack-en-GB@firefox.mozilla.org&#10;1473911488745	DeferredSave.extensions.json	DEBUG	Save changes&#10;1473911488746	addons.xpi	DEBUG	Updating database with changes to installed add-ons&#10;1473911488746	addons.xpi-utils	DEBUG	Updating add-on states&#10;1473911488749	addons.xpi-utils	DEBUG	Writing add-ons list&#10;1473911488752	addons.xpi	DEBUG	Registering manifest for /usr/lib/firefox/browser/features/firefox@getpocket.com.xpi&#10;1473911488753	addons.xpi	DEBUG	Calling bootstrap method startup on firefox@getpocket.com version 1.0.2&#10;1473911488755	addons.xpi	DEBUG	Registering manifest for /usr/lib/firefox/browser/features/e10srollout@mozilla.org.xpi&#10;1473911488756	addons.xpi	DEBUG	Calling bootstrap method startup on e10srollout@mozilla.org version 1.0&#10;1473911488757	addons.xpi	DEBUG	Registering manifest for /usr/lib/firefox/browser/features/loop@mozilla.org.xpi&#10;1473911488758	addons.xpi	DEBUG	Calling bootstrap method startup on loop@mozilla.org version 1.3.2&#10;1473911488812	addons.xpi	DEBUG	Registering manifest for /usr/lib/firefox/browser/extensions/langpack-en-ZA@firefox.mozilla.org.xpi&#10;1473911488816	addons.xpi	DEBUG	Registering manifest for /usr/lib/firefox/browser/extensions/langpack-en-GB@firefox.mozilla.org.xpi&#10;1473911488824	addons.manager	DEBUG	Registering shutdown blocker for XPIProvider&#10;1473911488825	addons.manager	DEBUG	Provider finished startup: XPIProvider&#10;1473911488825	addons.manager	DEBUG	Starting provider: LightweightThemeManager&#10;1473911488826	addons.manager	DEBUG	Registering shutdown blocker for LightweightThemeManager&#10;1473911488826	addons.manager	DEBUG	Provider finished startup: LightweightThemeManager&#10;1473911488827	addons.manager	DEBUG	Starting provider: GMPProvider&#10;1473911488843	addons.manager	DEBUG	Registering shutdown blocker for GMPProvider&#10;1473911488844	addons.manager	DEBUG	Provider finished startup: GMPProvider&#10;1473911488844	addons.manager	DEBUG	Starting provider: PluginProvider&#10;1473911488845	addons.manager	DEBUG	Registering shutdown blocker for PluginProvider&#10;1473911488846	addons.manager	DEBUG	Provider finished startup: PluginProvider&#10;1473911488847	addons.manager	DEBUG	Completed startup sequence&#10;1473911490397	addons.manager	DEBUG	Starting provider: &lt;unnamed-provider&gt;&#10;1473911490398	addons.manager	DEBUG	Registering shutdown blocker for &lt;unnamed-provider&gt;&#10;1473911490399	addons.manager	DEBUG	Provider finished startup: &lt;unnamed-provider&gt;&#10;1473911490722	DeferredSave.extensions.json	DEBUG	Write succeeded&#10;1473911490722	addons.xpi-utils	DEBUG	XPI Database saved, setting schema version preference to 17&#10;1473911490723	DeferredSave.extensions.json	DEBUG	Starting timer&#10;1473911490752	DeferredSave.extensions.json	DEBUG	Starting write&#10;1473911490760	addons.repository	DEBUG	No addons.json found.&#10;1473911490761	DeferredSave.addons.json	DEBUG	Save changes&#10;1473911490773	DeferredSave.addons.json	DEBUG	Starting timer&#10;1473911490860	addons.manager	DEBUG	Starting provider: PreviousExperimentProvider&#10;1473911490860	addons.manager	DEBUG	Registering shutdown blocker for PreviousExperimentProvider&#10;1473911490861	addons.manager	DEBUG	Provider finished startup: PreviousExperimentProvider&#10;1473911490876	DeferredSave.addons.json	DEBUG	Starting write&#10;1473911490888	DeferredSave.extensions.json	DEBUG	Write succeeded&#10;1473911490925	DeferredSave.addons.json	DEBUG	Write succeeded&#10;&#10;Build info: version: &apos;2.53.0&apos;, revision: &apos;35ae25b1534ae328c771e0856c93e187490ca824&apos;, time: &apos;2016-03-15 10:43:46&apos;&#10;System info: host: &apos;localhost&apos;, ip: &apos;127.0.0.1&apos;, os.name: &apos;Linux&apos;, os.arch: &apos;amd64&apos;, os.version: &apos;3.13.0-24-generic&apos;, java.version: &apos;1.8.0_77&apos;&#10;Driver info: driver.version: FirefoxDriver" type="org.openqa.selenium.WebDriverException"><![CDATA[org.openqa.selenium.WebDriverException: 
Failed to connect to binary FirefoxBinary(/usr/bin/firefox) on port 7055; process output follows: 
"homepageURL":null,"contributors":["David Bartlett","Constantine Murenin","Ian Neal"]},"visible":true,"active":true,"userDisabled":false,"appDisabled":false,"descriptor":"/usr/lib/firefox/browser/extensions/langpack-en-GB@firefox.mozilla.org.xpi","installDate":1465510504000,"updateDate":1465510504000,"applyBackgroundUpdates":1,"bootstrap":true,"skinnable":false,"size":1077233,"sourceURI":null,"releaseNotesURI":null,"softDisabled":false,"foreignInstall":true,"hasBinaryComponents":false,"strictCompatibility":true,"locales":[],"targetApplications":[{"id":"{ec8030f7-c20a-464f-9b0e-13a3a9e97384}","minVersion":"47.0","maxVersion":"47.*"},{"id":"webapprt@mozilla.org","minVersion":"47.0","maxVersion":"47.*"}],"targetPlatforms":[],"seen":true}
1473911488742	addons.xpi	DEBUG	getModTime: Recursive scan of langpack-en-GB@firefox.mozilla.org
1473911488745	DeferredSave.extensions.json	DEBUG	Save changes
1473911488746	addons.xpi	DEBUG	Updating database with changes to installed add-ons
1473911488746	addons.xpi-utils	DEBUG	Updating add-on states
1473911488749	addons.xpi-utils	DEBUG	Writing add-ons list
1473911488752	addons.xpi	DEBUG	Registering manifest for /usr/lib/firefox/browser/features/firefox@getpocket.com.xpi
1473911488753	addons.xpi	DEBUG	Calling bootstrap method startup on firefox@getpocket.com version 1.0.2
1473911488755	addons.xpi	DEBUG	Registering manifest for /usr/lib/firefox/browser/features/e10srollout@mozilla.org.xpi
1473911488756	addons.xpi	DEBUG	Calling bootstrap method startup on e10srollout@mozilla.org version 1.0
1473911488757	addons.xpi	DEBUG	Registering manifest for /usr/lib/firefox/browser/features/loop@mozilla.org.xpi
1473911488758	addons.xpi	DEBUG	Calling bootstrap method startup on loop@mozilla.org version 1.3.2
1473911488812	addons.xpi	DEBUG	Registering manifest for /usr/lib/firefox/browser/extensions/langpack-en-ZA@firefox.mozilla.org.xpi
1473911488816	addons.xpi	DEBUG	Registering manifest for /usr/lib/firefox/browser/extensions/langpack-en-GB@firefox.mozilla.org.xpi
1473911488824	addons.manager	DEBUG	Registering shutdown blocker for XPIProvider
1473911488825	addons.manager	DEBUG	Provider finished startup: XPIProvider
1473911488825	addons.manager	DEBUG	Starting provider: LightweightThemeManager
1473911488826	addons.manager	DEBUG	Registering shutdown blocker for LightweightThemeManager
1473911488826	addons.manager	DEBUG	Provider finished startup: LightweightThemeManager
1473911488827	addons.manager	DEBUG	Starting provider: GMPProvider
1473911488843	addons.manager	DEBUG	Registering shutdown blocker for GMPProvider
1473911488844	addons.manager	DEBUG	Provider finished startup: GMPProvider
1473911488844	addons.manager	DEBUG	Starting provider: PluginProvider
1473911488845	addons.manager	DEBUG	Registering shutdown blocker for PluginProvider
1473911488846	addons.manager	DEBUG	Provider finished startup: PluginProvider
1473911488847	addons.manager	DEBUG	Completed startup sequence
1473911490397	addons.manager	DEBUG	Starting provider: <unnamed-provider>
1473911490398	addons.manager	DEBUG	Registering shutdown blocker for <unnamed-provider>
1473911490399	addons.manager	DEBUG	Provider finished startup: <unnamed-provider>
1473911490722	DeferredSave.extensions.json	DEBUG	Write succeeded
1473911490722	addons.xpi-utils	DEBUG	XPI Database saved, setting schema version preference to 17
1473911490723	DeferredSave.extensions.json	DEBUG	Starting timer
1473911490752	DeferredSave.extensions.json	DEBUG	Starting write
1473911490760	addons.repository	DEBUG	No addons.json found.
1473911490761	DeferredSave.addons.json	DEBUG	Save changes
1473911490773	DeferredSave.addons.json	DEBUG	Starting timer
1473911490860	addons.manager	DEBUG	Starting provider: PreviousExperimentProvider
1473911490860	addons.manager	DEBUG	Registering shutdown blocker for PreviousExperimentProvider
1473911490861	addons.manager	DEBUG	Provider finished startup: PreviousExperimentProvider
1473911490876	DeferredSave.addons.json	DEBUG	Starting write
1473911490888	DeferredSave.extensions.json	DEBUG	Write succeeded
1473911490925	DeferredSave.addons.json	DEBUG	Write succeeded

Build info: version: '2.53.0', revision: '35ae25b1534ae328c771e0856c93e187490ca824', time: '2016-03-15 10:43:46'
System info: host: 'localhost', ip: '127.0.0.1', os.name: 'Linux', os.arch: 'amd64', os.version: '3.13.0-24-generic', java.version: '1.8.0_77'
Driver info: driver.version: FirefoxDriver
Caused by: org.openqa.selenium.firefox.NotConnectedException: 
Unable to connect to host 127.0.0.1 on port 7055 after 45000 ms. Firefox console output:
"homepageURL":null,"contributors":["David Bartlett","Constantine Murenin","Ian Neal"]},"visible":true,"active":true,"userDisabled":false,"appDisabled":false,"descriptor":"/usr/lib/firefox/browser/extensions/langpack-en-GB@firefox.mozilla.org.xpi","installDate":1465510504000,"updateDate":1465510504000,"applyBackgroundUpdates":1,"bootstrap":true,"skinnable":false,"size":1077233,"sourceURI":null,"releaseNotesURI":null,"softDisabled":false,"foreignInstall":true,"hasBinaryComponents":false,"strictCompatibility":true,"locales":[],"targetApplications":[{"id":"{ec8030f7-c20a-464f-9b0e-13a3a9e97384}","minVersion":"47.0","maxVersion":"47.*"},{"id":"webapprt@mozilla.org","minVersion":"47.0","maxVersion":"47.*"}],"targetPlatforms":[],"seen":true}
1473911488742	addons.xpi	DEBUG	getModTime: Recursive scan of langpack-en-GB@firefox.mozilla.org
1473911488745	DeferredSave.extensions.json	DEBUG	Save changes
1473911488746	addons.xpi	DEBUG	Updating database with changes to installed add-ons
1473911488746	addons.xpi-utils	DEBUG	Updating add-on states
1473911488749	addons.xpi-utils	DEBUG	Writing add-ons list
1473911488752	addons.xpi	DEBUG	Registering manifest for /usr/lib/firefox/browser/features/firefox@getpocket.com.xpi
1473911488753	addons.xpi	DEBUG	Calling bootstrap method startup on firefox@getpocket.com version 1.0.2
1473911488755	addons.xpi	DEBUG	Registering manifest for /usr/lib/firefox/browser/features/e10srollout@mozilla.org.xpi
1473911488756	addons.xpi	DEBUG	Calling bootstrap method startup on e10srollout@mozilla.org version 1.0
1473911488757	addons.xpi	DEBUG	Registering manifest for /usr/lib/firefox/browser/features/loop@mozilla.org.xpi
1473911488758	addons.xpi	DEBUG	Calling bootstrap method startup on loop@mozilla.org version 1.3.2
1473911488812	addons.xpi	DEBUG	Registering manifest for /usr/lib/firefox/browser/extensions/langpack-en-ZA@firefox.mozilla.org.xpi
1473911488816	addons.xpi	DEBUG	Registering manifest for /usr/lib/firefox/browser/extensions/langpack-en-GB@firefox.mozilla.org.xpi
1473911488824	addons.manager	DEBUG	Registering shutdown blocker for XPIProvider
1473911488825	addons.manager	DEBUG	Provider finished startup: XPIProvider
1473911488825	addons.manager	DEBUG	Starting provider: LightweightThemeManager
1473911488826	addons.manager	DEBUG	Registering shutdown blocker for LightweightThemeManager
1473911488826	addons.manager	DEBUG	Provider finished startup: LightweightThemeManager
1473911488827	addons.manager	DEBUG	Starting provider: GMPProvider
1473911488843	addons.manager	DEBUG	Registering shutdown blocker for GMPProvider
1473911488844	addons.manager	DEBUG	Provider finished startup: GMPProvider
1473911488844	addons.manager	DEBUG	Starting provider: PluginProvider
1473911488845	addons.manager	DEBUG	Registering shutdown blocker for PluginProvider
1473911488846	addons.manager	DEBUG	Provider finished startup: PluginProvider
1473911488847	addons.manager	DEBUG	Completed startup sequence
1473911490397	addons.manager	DEBUG	Starting provider: <unnamed-provider>
1473911490398	addons.manager	DEBUG	Registering shutdown blocker for <unnamed-provider>
1473911490399	addons.manager	DEBUG	Provider finished startup: <unnamed-provider>
1473911490722	DeferredSave.extensions.json	DEBUG	Write succeeded
1473911490722	addons.xpi-utils	DEBUG	XPI Database saved, setting schema version preference to 17
1473911490723	DeferredSave.extensions.json	DEBUG	Starting timer
1473911490752	DeferredSave.extensions.json	DEBUG	Starting write
1473911490760	addons.repository	DEBUG	No addons.json found.
1473911490761	DeferredSave.addons.json	DEBUG	Save changes
1473911490773	DeferredSave.addons.json	DEBUG	Starting timer
1473911490860	addons.manager	DEBUG	Starting provider: PreviousExperimentProvider
1473911490860	addons.manager	DEBUG	Registering shutdown blocker for PreviousExperimentProvider
1473911490861	addons.manager	DEBUG	Provider finished startup: PreviousExperimentProvider
1473911490876	DeferredSave.addons.json	DEBUG	Starting write
1473911490888	DeferredSave.extensions.json	DEBUG	Write succeeded
1473911490925	DeferredSave.addons.json	DEBUG	Write succeeded

]]></failure>
    <system-err><![CDATA[org.openqa.selenium.firefox.NotConnectedException: Unable to connect to host 127.0.0.1 on port 7055 after 45000 ms. Firefox console output:
"homepageURL":null,"contributors":["David Bartlett","Constantine Murenin","Ian Neal"]},"visible":true,"active":true,"userDisabled":false,"appDisabled":false,"descriptor":"/usr/lib/firefox/browser/extensions/langpack-en-GB@firefox.mozilla.org.xpi","installDate":1465510504000,"updateDate":1465510504000,"applyBackgroundUpdates":1,"bootstrap":true,"skinnable":false,"size":1077233,"sourceURI":null,"releaseNotesURI":null,"softDisabled":false,"foreignInstall":true,"hasBinaryComponents":false,"strictCompatibility":true,"locales":[],"targetApplications":[{"id":"{ec8030f7-c20a-464f-9b0e-13a3a9e97384}","minVersion":"47.0","maxVersion":"47.*"},{"id":"webapprt@mozilla.org","minVersion":"47.0","maxVersion":"47.*"}],"targetPlatforms":[],"seen":true}
1473911488742	addons.xpi	DEBUG	getModTime: Recursive scan of langpack-en-GB@firefox.mozilla.org
1473911488745	DeferredSave.extensions.json	DEBUG	Save changes
1473911488746	addons.xpi	DEBUG	Updating database with changes to installed add-ons
1473911488746	addons.xpi-utils	DEBUG	Updating add-on states
1473911488749	addons.xpi-utils	DEBUG	Writing add-ons list
1473911488752	addons.xpi	DEBUG	Registering manifest for /usr/lib/firefox/browser/features/firefox@getpocket.com.xpi
1473911488753	addons.xpi	DEBUG	Calling bootstrap method startup on firefox@getpocket.com version 1.0.2
1473911488755	addons.xpi	DEBUG	Registering manifest for /usr/lib/firefox/browser/features/e10srollout@mozilla.org.xpi
1473911488756	addons.xpi	DEBUG	Calling bootstrap method startup on e10srollout@mozilla.org version 1.0
1473911488757	addons.xpi	DEBUG	Registering manifest for /usr/lib/firefox/browser/features/loop@mozilla.org.xpi
1473911488758	addons.xpi	DEBUG	Calling bootstrap method startup on loop@mozilla.org version 1.3.2
1473911488812	addons.xpi	DEBUG	Registering manifest for /usr/lib/firefox/browser/extensions/langpack-en-ZA@firefox.mozilla.org.xpi
1473911488816	addons.xpi	DEBUG	Registering manifest for /usr/lib/firefox/browser/extensions/langpack-en-GB@firefox.mozilla.org.xpi
1473911488824	addons.manager	DEBUG	Registering shutdown blocker for XPIProvider
1473911488825	addons.manager	DEBUG	Provider finished startup: XPIProvider
1473911488825	addons.manager	DEBUG	Starting provider: LightweightThemeManager
1473911488826	addons.manager	DEBUG	Registering shutdown blocker for LightweightThemeManager
1473911488826	addons.manager	DEBUG	Provider finished startup: LightweightThemeManager
1473911488827	addons.manager	DEBUG	Starting provider: GMPProvider
1473911488843	addons.manager	DEBUG	Registering shutdown blocker for GMPProvider
1473911488844	addons.manager	DEBUG	Provider finished startup: GMPProvider
1473911488844	addons.manager	DEBUG	Starting provider: PluginProvider
1473911488845	addons.manager	DEBUG	Registering shutdown blocker for PluginProvider
1473911488846	addons.manager	DEBUG	Provider finished startup: PluginProvider
1473911488847	addons.manager	DEBUG	Completed startup sequence
1473911490397	addons.manager	DEBUG	Starting provider: <unnamed-provider>
1473911490398	addons.manager	DEBUG	Registering shutdown blocker for <unnamed-provider>
1473911490399	addons.manager	DEBUG	Provider finished startup: <unnamed-provider>
1473911490722	DeferredSave.extensions.json	DEBUG	Write succeeded
1473911490722	addons.xpi-utils	DEBUG	XPI Database saved, setting schema version preference to 17
1473911490723	DeferredSave.extensions.json	DEBUG	Starting timer
1473911490752	DeferredSave.extensions.json	DEBUG	Starting write
1473911490760	addons.repository	DEBUG	No addons.json found.
1473911490761	DeferredSave.addons.json	DEBUG	Save changes
1473911490773	DeferredSave.addons.json	DEBUG	Starting timer
1473911490860	addons.manager	DEBUG	Starting provider: PreviousExperimentProvider
1473911490860	addons.manager	DEBUG	Registering shutdown blocker for PreviousExperimentProvider
1473911490861	addons.manager	DEBUG	Provider finished startup: PreviousExperimentProvider
1473911490876	DeferredSave.addons.json	DEBUG	Starting write
1473911490888	DeferredSave.extensions.json	DEBUG	Write succeeded
1473911490925	DeferredSave.addons.json	DEBUG	Write succeeded

	at org.openqa.selenium.firefox.internal.NewProfileExtensionConnection.start(NewProfileExtensionConnection.java:113)
	at org.openqa.selenium.firefox.FirefoxDriver.startClient(FirefoxDriver.java:271)
	at org.openqa.selenium.remote.RemoteWebDriver.<init>(RemoteWebDriver.java:119)
	at org.openqa.selenium.firefox.FirefoxDriver.<init>(FirefoxDriver.java:216)
	at org.openqa.selenium.firefox.FirefoxDriver.<init>(FirefoxDriver.java:211)
	at org.openqa.selenium.firefox.FirefoxDriver.<init>(FirefoxDriver.java:207)
	at org.openqa.selenium.firefox.FirefoxDriver.<init>(FirefoxDriver.java:120)
	at com.stocksValidation.TestSetup.setDriver(TestSetup.java:37)
	at sun.reflect.NativeMethodAccessorImpl.invoke0(Native Method)
	at sun.reflect.NativeMethodAccessorImpl.invoke(NativeMethodAccessorImpl.java:62)
	at sun.reflect.DelegatingMethodAccessorImpl.invoke(DelegatingMethodAccessorImpl.java:43)
	at java.lang.reflect.Method.invoke(Method.java:498)
	at org.testng.internal.MethodInvocationHelper.invokeMethod(MethodInvocationHelper.java:86)
	at org.testng.internal.Invoker.invokeConfigurationMethod(Invoker.java:514)
	at org.testng.internal.Invoker.invokeConfigurations(Invoker.java:215)
	at org.testng.internal.Invoker.invokeMethod(Invoker.java:589)
	at org.testng.internal.Invoker.invokeTestMethod(Invoker.java:820)
	at org.testng.internal.Invoker.invokeTestMethods(Invoker.java:1128)
	at org.testng.internal.TestMethodWorker.invokeTestMethods(TestMethodWorker.java:129)
	at org.testng.internal.TestMethodWorker.run(TestMethodWorker.java:112)
	at org.testng.TestRunner.privateRun(TestRunner.java:782)
	at org.testng.TestRunner.run(TestRunner.java:632)
	at org.testng.SuiteRunner.runTest(SuiteRunner.java:366)
	at org.testng.SuiteRunner.runSequentially(SuiteRunner.java:361)
	at org.testng.SuiteRunner.privateRun(SuiteRunner.java:319)
	at org.testng.SuiteRunner.run(SuiteRunner.java:268)
	at org.testng.SuiteRunnerWorker.runSuite(SuiteRunnerWorker.java:52)
	at org.testng.SuiteRunnerWorker.run(SuiteRunnerWorker.java:86)
	at org.testng.TestNG.runSuitesSequentially(TestNG.java:1244)
	at org.testng.TestNG.runSuitesLocally(TestNG.java:1169)
	at org.testng.TestNG.run(TestNG.java:1064)
	at org.apache.maven.surefire.testng.TestNGExecutor.run(TestNGExecutor.java:281)
	at org.apache.maven.surefire.testng.TestNGXmlTestSuite.execute(TestNGXmlTestSuite.java:75)
	at org.apache.maven.surefire.testng.TestNGProvider.invoke(TestNGProvider.java:121)
	at org.apache.maven.surefire.booter.ForkedBooter.invokeProviderInSameClassLoader(ForkedBooter.java:290)
	at org.apache.maven.surefire.booter.ForkedBooter.runSuitesInProcess(ForkedBooter.java:242)
	at org.apache.maven.surefire.booter.ForkedBooter.main(ForkedBooter.java:121)
]]></system-err>
  </testcase>
  <testcase name="setDriver" classname="com.stocksValidation.PageSetupTest" time="0">
    <skipped/>
  </testcase>
  <testcase name="validateStocksPageLoads" classname="com.stocksValidation.PageSetupTest" time="0">
    <skipped/>
  </testcase>
  <testcase name="tearDown" classname="com.stocksValidation.PageSetupTest" time="0">
    <skipped/>
  </testcase>
  <testcase name="tearDown" classname="com.stocksValidation.PageSetupTest" time="0">
    <skipped/>
  </testcase>
  <testcase name="validateStocksPageUIelements" classname="com.stocksValidation.PageSetupTest" time="0">
    <skipped/>
  </testcase>
  <testcase name="setDriver" classname="com.stocksValidation.StockAdvanceTest" time="0">
    <skipped/>
  </testcase>
  <testcase name="setDriver" classname="com.stocksValidation.StockAdvanceTest" time="0">
    <skipped/>
  </testcase>
  <testcase name="setDriver" classname="com.stocksValidation.StockAdvanceTest" time="0">
    <skipped/>
  </testcase>
  <testcase name="matchAdvancesInHeadingAndTable" classname="com.stocksValidation.StockAdvanceTest" time="0">
    <skipped/>
  </testcase>
  <testcase name="tearDown" classname="com.stocksValidation.StockAdvanceTest" time="0">
    <skipped/>
  </testcase>
  <testcase name="tearDown" classname="com.stocksValidation.StockAdvanceTest" time="0">
    <skipped/>
  </testcase>
  <testcase name="tearDown" classname="com.stocksValidation.StockAdvanceTest" time="0">
    <skipped/>
  </testcase>
  <testcase name="validateFirstElementIsAdvances" classname="com.stocksValidation.StockAdvanceTest" time="0">
    <skipped/>
  </testcase>
  <testcase name="validateSecondElementInAdvacesIsInt" classname="com.stocksValidation.StockAdvanceTest" time="0">
    <skipped/>
  </testcase>
  <testcase name="setDriver" classname="com.stocksValidation.StockDeclineTest" time="0">
    <skipped/>
  </testcase>
  <testcase name="setDriver" classname="com.stocksValidation.StockDeclineTest" time="0">
    <skipped/>
  </testcase>
  <testcase name="setDriver" classname="com.stocksValidation.StockDeclineTest" time="0">
    <skipped/>
  </testcase>
  <testcase name="matchDeclinesInHeadingAndTable" classname="com.stocksValidation.StockDeclineTest" time="0">
    <skipped/>
  </testcase>
  <testcase name="tearDown" classname="com.stocksValidation.StockDeclineTest" time="0">
    <skipped/>
  </testcase>
  <testcase name="tearDown" classname="com.stocksValidation.StockDeclineTest" time="0">
    <skipped/>
  </testcase>
  <testcase name="tearDown" classname="com.stocksValidation.StockDeclineTest" time="0">
    <skipped/>
  </testcase>
  <testcase name="validateFirstElementIsDeclines" classname="com.stocksValidation.StockDeclineTest" time="0">
    <skipped/>
  </testcase>
  <testcase name="validateSecondElementInDeclinesIsInt" classname="com.stocksValidation.StockDeclineTest" time="0">
    <skipped/>
  </testcase>
  <testcase name="setDriver" classname="com.stocksValidation.ChangePercentValidationTest" time="0">
    <skipped/>
  </testcase>
  <testcase name="setDriver" classname="com.stocksValidation.ChangePercentValidationTest" time="0">
    <skipped/>
  </testcase>
  <testcase name="setDriver" classname="com.stocksValidation.ChangePercentValidationTest" time="0">
    <skipped/>
  </testcase>
  <testcase name="validateChangePercentAllStocks" classname="com.stocksValidation.ChangePercentValidationTest" time="0">
    <skipped/>
  </testcase>
  <testcase name="tearDown" classname="com.stocksValidation.ChangePercentValidationTest" time="0">
    <skipped/>
  </testcase>
  <testcase name="tearDown" classname="com.stocksValidation.ChangePercentValidationTest" time="0">
    <skipped/>
  </testcase>
  <testcase name="tearDown" classname="com.stocksValidation.ChangePercentValidationTest" time="0">
    <skipped/>
  </testcase>
  <testcase name="validateChangePercentNiftyCumulative" classname="com.stocksValidation.ChangePercentValidationTest" time="0">
    <skipped/>
  </testcase>
  <testcase name="validateColumnHeadings" classname="com.stocksValidation.ChangePercentValidationTest" time="0">
    <skipped/>
  </testcase>
  <testcase name="setDriver" classname="com.stocksValidation.ChangePercentDescendingTest" time="0">
    <skipped/>
  </testcase>
  <testcase name="changePercentIsDescending" classname="com.stocksValidation.ChangePercentDescendingTest" time="0">
    <skipped/>
  </testcase>
  <testcase name="tearDown" classname="com.stocksValidation.ChangePercentDescendingTest" time="0">
    <skipped/>
  </testcase>
</testsuite>