<?xml version="1.0" encoding="UTF-8"?>
<testng-results skipped="12" failed="0" total="12" passed="0">
  <reporter-output>
  </reporter-output>
  <suite name="NSE_Test_Suite" duration-ms="46440" started-at="2016-10-07T11:56:22Z" finished-at="2016-10-07T11:57:08Z">
    <groups>
    </groups>
    <test name="Stock_Watch_Tests" duration-ms="46440" started-at="2016-10-07T11:56:22Z" finished-at="2016-10-07T11:57:08Z">
      <class name="com.stocksValidation.ChangePercentValidationTest">
        <test-method status="SKIP" signature="setDriver(java.lang.String, java.lang.String, java.lang.String)[pri:0, instance:com.stocksValidation.ChangePercentValidationTest@cc285f4]" name="setDriver" is-config="true" duration-ms="0" started-at="2016-10-07T17:27:08Z" finished-at="2016-10-07T17:27:08Z">
          <reporter-output>
          </reporter-output>
        </test-method> <!-- setDriver -->
        <test-method status="SKIP" signature="validateChangePercentAllStocks()[pri:0, instance:com.stocksValidation.ChangePercentValidationTest@cc285f4]" name="validateChangePercentAllStocks" duration-ms="1" started-at="2016-10-07T17:27:08Z" finished-at="2016-10-07T17:27:08Z">
          <reporter-output>
          </reporter-output>
        </test-method> <!-- validateChangePercentAllStocks -->
        <test-method status="SKIP" signature="tearDown()[pri:0, instance:com.stocksValidation.ChangePercentValidationTest@cc285f4]" name="tearDown" is-config="true" duration-ms="0" started-at="2016-10-07T17:27:08Z" finished-at="2016-10-07T17:27:08Z">
          <reporter-output>
          </reporter-output>
        </test-method> <!-- tearDown -->
        <test-method status="SKIP" signature="setDriver(java.lang.String, java.lang.String, java.lang.String)[pri:0, instance:com.stocksValidation.ChangePercentValidationTest@cc285f4]" name="setDriver" is-config="true" duration-ms="0" started-at="2016-10-07T17:27:08Z" finished-at="2016-10-07T17:27:08Z">
          <reporter-output>
          </reporter-output>
        </test-method> <!-- setDriver -->
        <test-method status="SKIP" signature="validateChangePercentNiftyCumulative()[pri:0, instance:com.stocksValidation.ChangePercentValidationTest@cc285f4]" name="validateChangePercentNiftyCumulative" duration-ms="2" started-at="2016-10-07T17:27:08Z" finished-at="2016-10-07T17:27:08Z">
          <reporter-output>
          </reporter-output>
        </test-method> <!-- validateChangePercentNiftyCumulative -->
        <test-method status="SKIP" signature="tearDown()[pri:0, instance:com.stocksValidation.ChangePercentValidationTest@cc285f4]" name="tearDown" is-config="true" duration-ms="0" started-at="2016-10-07T17:27:08Z" finished-at="2016-10-07T17:27:08Z">
          <reporter-output>
          </reporter-output>
        </test-method> <!-- tearDown -->
        <test-method status="SKIP" signature="setDriver(java.lang.String, java.lang.String, java.lang.String)[pri:0, instance:com.stocksValidation.ChangePercentValidationTest@cc285f4]" name="setDriver" is-config="true" duration-ms="0" started-at="2016-10-07T17:27:08Z" finished-at="2016-10-07T17:27:08Z">
          <reporter-output>
          </reporter-output>
        </test-method> <!-- setDriver -->
        <test-method status="SKIP" signature="validateColumnHeadings()[pri:0, instance:com.stocksValidation.ChangePercentValidationTest@cc285f4]" name="validateColumnHeadings" duration-ms="1" started-at="2016-10-07T17:27:08Z" finished-at="2016-10-07T17:27:08Z">
          <reporter-output>
          </reporter-output>
        </test-method> <!-- validateColumnHeadings -->
        <test-method status="SKIP" signature="tearDown()[pri:0, instance:com.stocksValidation.ChangePercentValidationTest@cc285f4]" name="tearDown" is-config="true" duration-ms="0" started-at="2016-10-07T17:27:08Z" finished-at="2016-10-07T17:27:08Z">
          <reporter-output>
          </reporter-output>
        </test-method> <!-- tearDown -->
      </class> <!-- com.stocksValidation.ChangePercentValidationTest -->
      <class name="com.stocksValidation.PageSetupTest">
        <test-method status="FAIL" signature="setDriver(java.lang.String, java.lang.String, java.lang.String)[pri:0, instance:com.stocksValidation.PageSetupTest@6767c1fc]" name="setDriver" is-config="true" duration-ms="0" started-at="2016-10-07T17:26:22Z" finished-at="2016-10-07T17:26:22Z">
          <params>
            <param index="0">
              <value>
                <![CDATA[https://www1.nseindia.com]]>
              </value>
            </param>
            <param index="1">
              <value>
                <![CDATA[/live_market/dynaContent/live_watch/equities_stock_watch.htm#]]>
              </value>
            </param>
            <param index="2">
              <value>
                <![CDATA[Firefox]]>
              </value>
            </param>
          </params>
          <exception class="org.openqa.selenium.WebDriverException">
            <message>
              <![CDATA[Failed to connect to binary FirefoxBinary(C:\Program Files (x86)\Mozilla Firefox\firefox.exe) on port 7055; process output follows: 
l,"updateKey":null,"optionsURL":null,"optionsType":null,"aboutURL":null,"icons":{"32":"icon.png","48":"icon.png"},"iconURL":null,"icon64URL":null,"defaultLocale":{"name":"Default","description":"The default theme.","creator":"Mozilla","homepageURL":null,"contributors":["Mozilla Contributors"]},"visible":true,"active":true,"userDisabled":false,"appDisabled":false,"descriptor":"C:\\Program Files (x86)\\Mozilla Firefox\\browser\\extensions\\{972ce4c6-7e08-4474-a285-3208198ce6fd}.xpi","installDate":1470646016820,"updateDate":1470646016820,"applyBackgroundUpdates":1,"skinnable":true,"size":21899,"sourceURI":null,"releaseNotesURI":null,"softDisabled":false,"foreignInstall":false,"hasBinaryComponents":false,"strictCompatibility":true,"locales":[],"targetApplications":[{"id":"{ec8030f7-c20a-464f-9b0e-13a3a9e97384}","minVersion":"48.0","maxVersion":"48.0"}],"targetPlatforms":[],"seen":true}
1475841383408	addons.xpi	DEBUG	getModTime: Recursive scan of {972ce4c6-7e08-4474-a285-3208198ce6fd}
1475841383408	DeferredSave.extensions.json	DEBUG	Save changes
1475841383408	addons.xpi	DEBUG	Updating database with changes to installed add-ons
1475841383408	addons.xpi-utils	DEBUG	Updating add-on states
1475841383411	addons.xpi-utils	DEBUG	Writing add-ons list
1475841383416	addons.xpi	DEBUG	Registering manifest for C:\Program Files (x86)\Mozilla Firefox\browser\features\e10srollout@mozilla.org.xpi
1475841383417	addons.xpi	DEBUG	Calling bootstrap method startup on e10srollout@mozilla.org version 1.0
1475841383417	addons.xpi	DEBUG	Registering manifest for C:\Program Files (x86)\Mozilla Firefox\browser\features\firefox@getpocket.com.xpi
1475841383417	addons.xpi	DEBUG	Calling bootstrap method startup on firefox@getpocket.com version 1.0.3b1
1475841383418	addons.xpi	DEBUG	Registering manifest for C:\Program Files (x86)\Mozilla Firefox\browser\features\loop@mozilla.org.xpi
1475841383418	addons.xpi	DEBUG	Calling bootstrap method startup on loop@mozilla.org version 1.4.0
1475841383433	addons.manager	DEBUG	Registering shutdown blocker for XPIProvider
1475841383434	addons.manager	DEBUG	Provider finished startup: XPIProvider
1475841383434	addons.manager	DEBUG	Starting provider: LightweightThemeManager
1475841383434	addons.manager	DEBUG	Registering shutdown blocker for LightweightThemeManager
1475841383434	addons.manager	DEBUG	Provider finished startup: LightweightThemeManager
1475841383434	addons.manager	DEBUG	Starting provider: GMPProvider
1475841383444	addons.manager	DEBUG	Registering shutdown blocker for GMPProvider
1475841383444	addons.manager	DEBUG	Provider finished startup: GMPProvider
1475841383444	addons.manager	DEBUG	Starting provider: PluginProvider
1475841383444	addons.manager	DEBUG	Registering shutdown blocker for PluginProvider
1475841383444	addons.manager	DEBUG	Provider finished startup: PluginProvider
1475841383444	addons.manager	DEBUG	Completed startup sequence
1475841385372	addons.manager	DEBUG	Starting provider: <unnamed-provider>
1475841385373	addons.manager	DEBUG	Registering shutdown blocker for <unnamed-provider>
1475841385373	addons.manager	DEBUG	Provider finished startup: <unnamed-provider>
1475841385861	DeferredSave.extensions.json	DEBUG	Write succeeded
1475841385861	addons.xpi-utils	DEBUG	XPI Database saved, setting schema version preference to 17
1475841385861	DeferredSave.extensions.json	DEBUG	Starting timer
1475841385873	addons.repository	DEBUG	No addons.json found.
1475841385873	DeferredSave.addons.json	DEBUG	Save changes
1475841385877	DeferredSave.addons.json	DEBUG	Starting timer
1475841385910	addons.manager	DEBUG	Starting provider: PreviousExperimentProvider
1475841385910	addons.manager	DEBUG	Registering shutdown blocker for PreviousExperimentProvider
1475841385911	addons.manager	DEBUG	Provider finished startup: PreviousExperimentProvider
1475841385913	DeferredSave.extensions.json	DEBUG	Starting write
1475841385928	DeferredSave.addons.json	DEBUG	Starting write
1475841385930	DeferredSave.extensions.json	DEBUG	Write succeeded
1475841385944	DeferredSave.addons.json	DEBUG	Write succeeded

Build info: version: '2.53.0', revision: '35ae25b1534ae328c771e0856c93e187490ca824', time: '2016-03-15 10:43:46'
System info: host: 'SYNBLRGTP-207', ip: '172.22.202.83', os.name: 'Windows 7', os.arch: 'amd64', os.version: '6.1', java.version: '1.8.0_31'
Driver info: driver.version: FirefoxDriver]]>
            </message>
            <full-stacktrace>
              <![CDATA[org.openqa.selenium.WebDriverException: Failed to connect to binary FirefoxBinary(C:\Program Files (x86)\Mozilla Firefox\firefox.exe) on port 7055; process output follows: 
l,"updateKey":null,"optionsURL":null,"optionsType":null,"aboutURL":null,"icons":{"32":"icon.png","48":"icon.png"},"iconURL":null,"icon64URL":null,"defaultLocale":{"name":"Default","description":"The default theme.","creator":"Mozilla","homepageURL":null,"contributors":["Mozilla Contributors"]},"visible":true,"active":true,"userDisabled":false,"appDisabled":false,"descriptor":"C:\\Program Files (x86)\\Mozilla Firefox\\browser\\extensions\\{972ce4c6-7e08-4474-a285-3208198ce6fd}.xpi","installDate":1470646016820,"updateDate":1470646016820,"applyBackgroundUpdates":1,"skinnable":true,"size":21899,"sourceURI":null,"releaseNotesURI":null,"softDisabled":false,"foreignInstall":false,"hasBinaryComponents":false,"strictCompatibility":true,"locales":[],"targetApplications":[{"id":"{ec8030f7-c20a-464f-9b0e-13a3a9e97384}","minVersion":"48.0","maxVersion":"48.0"}],"targetPlatforms":[],"seen":true}
1475841383408	addons.xpi	DEBUG	getModTime: Recursive scan of {972ce4c6-7e08-4474-a285-3208198ce6fd}
1475841383408	DeferredSave.extensions.json	DEBUG	Save changes
1475841383408	addons.xpi	DEBUG	Updating database with changes to installed add-ons
1475841383408	addons.xpi-utils	DEBUG	Updating add-on states
1475841383411	addons.xpi-utils	DEBUG	Writing add-ons list
1475841383416	addons.xpi	DEBUG	Registering manifest for C:\Program Files (x86)\Mozilla Firefox\browser\features\e10srollout@mozilla.org.xpi
1475841383417	addons.xpi	DEBUG	Calling bootstrap method startup on e10srollout@mozilla.org version 1.0
1475841383417	addons.xpi	DEBUG	Registering manifest for C:\Program Files (x86)\Mozilla Firefox\browser\features\firefox@getpocket.com.xpi
1475841383417	addons.xpi	DEBUG	Calling bootstrap method startup on firefox@getpocket.com version 1.0.3b1
1475841383418	addons.xpi	DEBUG	Registering manifest for C:\Program Files (x86)\Mozilla Firefox\browser\features\loop@mozilla.org.xpi
1475841383418	addons.xpi	DEBUG	Calling bootstrap method startup on loop@mozilla.org version 1.4.0
1475841383433	addons.manager	DEBUG	Registering shutdown blocker for XPIProvider
1475841383434	addons.manager	DEBUG	Provider finished startup: XPIProvider
1475841383434	addons.manager	DEBUG	Starting provider: LightweightThemeManager
1475841383434	addons.manager	DEBUG	Registering shutdown blocker for LightweightThemeManager
1475841383434	addons.manager	DEBUG	Provider finished startup: LightweightThemeManager
1475841383434	addons.manager	DEBUG	Starting provider: GMPProvider
1475841383444	addons.manager	DEBUG	Registering shutdown blocker for GMPProvider
1475841383444	addons.manager	DEBUG	Provider finished startup: GMPProvider
1475841383444	addons.manager	DEBUG	Starting provider: PluginProvider
1475841383444	addons.manager	DEBUG	Registering shutdown blocker for PluginProvider
1475841383444	addons.manager	DEBUG	Provider finished startup: PluginProvider
1475841383444	addons.manager	DEBUG	Completed startup sequence
1475841385372	addons.manager	DEBUG	Starting provider: <unnamed-provider>
1475841385373	addons.manager	DEBUG	Registering shutdown blocker for <unnamed-provider>
1475841385373	addons.manager	DEBUG	Provider finished startup: <unnamed-provider>
1475841385861	DeferredSave.extensions.json	DEBUG	Write succeeded
1475841385861	addons.xpi-utils	DEBUG	XPI Database saved, setting schema version preference to 17
1475841385861	DeferredSave.extensions.json	DEBUG	Starting timer
1475841385873	addons.repository	DEBUG	No addons.json found.
1475841385873	DeferredSave.addons.json	DEBUG	Save changes
1475841385877	DeferredSave.addons.json	DEBUG	Starting timer
1475841385910	addons.manager	DEBUG	Starting provider: PreviousExperimentProvider
1475841385910	addons.manager	DEBUG	Registering shutdown blocker for PreviousExperimentProvider
1475841385911	addons.manager	DEBUG	Provider finished startup: PreviousExperimentProvider
1475841385913	DeferredSave.extensions.json	DEBUG	Starting write
1475841385928	DeferredSave.addons.json	DEBUG	Starting write
1475841385930	DeferredSave.extensions.json	DEBUG	Write succeeded
1475841385944	DeferredSave.addons.json	DEBUG	Write succeeded

Build info: version: '2.53.0', revision: '35ae25b1534ae328c771e0856c93e187490ca824', time: '2016-03-15 10:43:46'
System info: host: 'SYNBLRGTP-207', ip: '172.22.202.83', os.name: 'Windows 7', os.arch: 'amd64', os.version: '6.1', java.version: '1.8.0_31'
Driver info: driver.version: FirefoxDriver
	at org.openqa.selenium.firefox.internal.NewProfileExtensionConnection.start(NewProfileExtensionConnection.java:125)
	at org.openqa.selenium.firefox.FirefoxDriver.startClient(FirefoxDriver.java:271)
	at org.openqa.selenium.remote.RemoteWebDriver.<init>(RemoteWebDriver.java:119)
	at org.openqa.selenium.firefox.FirefoxDriver.<init>(FirefoxDriver.java:216)
	at org.openqa.selenium.firefox.FirefoxDriver.<init>(FirefoxDriver.java:211)
	at org.openqa.selenium.firefox.FirefoxDriver.<init>(FirefoxDriver.java:207)
	at org.openqa.selenium.firefox.FirefoxDriver.<init>(FirefoxDriver.java:120)
	at com.stocksValidation.TestSetup.setDriver(TestSetup.java:37)
	at sun.reflect.NativeMethodAccessorImpl.invoke0(Native Method)
	at sun.reflect.NativeMethodAccessorImpl.invoke(Unknown Source)
	at sun.reflect.DelegatingMethodAccessorImpl.invoke(Unknown Source)
	at java.lang.reflect.Method.invoke(Unknown Source)
	at org.testng.internal.MethodInvocationHelper.invokeMethod(MethodInvocationHelper.java:86)
	at org.testng.internal.Invoker.invokeConfigurationMethod(Invoker.java:514)
	at org.testng.internal.Invoker.invokeConfigurations(Invoker.java:215)
	at org.testng.internal.Invoker.invokeMethod(Invoker.java:589)
	at org.testng.internal.Invoker.invokeTestMethod(Invoker.java:820)
	at org.testng.internal.Invoker.invokeTestMethods(Invoker.java:1128)
	at org.testng.internal.TestMethodWorker.invokeTestMethods(TestMethodWorker.java:129)
	at org.testng.internal.TestMethodWorker.run(TestMethodWorker.java:112)
	at org.testng.TestRunner.privateRun(TestRunner.java:782)
	at org.testng.TestRunner.run(TestRunner.java:632)
	at org.testng.SuiteRunner.runTest(SuiteRunner.java:366)
	at org.testng.SuiteRunner.runSequentially(SuiteRunner.java:361)
	at org.testng.SuiteRunner.privateRun(SuiteRunner.java:319)
	at org.testng.SuiteRunner.run(SuiteRunner.java:268)
	at org.testng.SuiteRunnerWorker.runSuite(SuiteRunnerWorker.java:52)
	at org.testng.SuiteRunnerWorker.run(SuiteRunnerWorker.java:86)
	at org.testng.TestNG.runSuitesSequentially(TestNG.java:1244)
	at org.testng.TestNG.runSuitesLocally(TestNG.java:1169)
	at org.testng.TestNG.run(TestNG.java:1064)
	at org.testng.remote.AbstractRemoteTestNG.run(AbstractRemoteTestNG.java:126)
	at org.testng.remote.RemoteTestNG.initAndRun(RemoteTestNG.java:152)
	at org.testng.remote.RemoteTestNG.main(RemoteTestNG.java:57)
Caused by: org.openqa.selenium.firefox.NotConnectedException: Unable to connect to host 127.0.0.1 on port 7055 after 45000 ms. Firefox console output:
l,"updateKey":null,"optionsURL":null,"optionsType":null,"aboutURL":null,"icons":{"32":"icon.png","48":"icon.png"},"iconURL":null,"icon64URL":null,"defaultLocale":{"name":"Default","description":"The default theme.","creator":"Mozilla","homepageURL":null,"contributors":["Mozilla Contributors"]},"visible":true,"active":true,"userDisabled":false,"appDisabled":false,"descriptor":"C:\\Program Files (x86)\\Mozilla Firefox\\browser\\extensions\\{972ce4c6-7e08-4474-a285-3208198ce6fd}.xpi","installDate":1470646016820,"updateDate":1470646016820,"applyBackgroundUpdates":1,"skinnable":true,"size":21899,"sourceURI":null,"releaseNotesURI":null,"softDisabled":false,"foreignInstall":false,"hasBinaryComponents":false,"strictCompatibility":true,"locales":[],"targetApplications":[{"id":"{ec8030f7-c20a-464f-9b0e-13a3a9e97384}","minVersion":"48.0","maxVersion":"48.0"}],"targetPlatforms":[],"seen":true}
1475841383408	addons.xpi	DEBUG	getModTime: Recursive scan of {972ce4c6-7e08-4474-a285-3208198ce6fd}
1475841383408	DeferredSave.extensions.json	DEBUG	Save changes
1475841383408	addons.xpi	DEBUG	Updating database with changes to installed add-ons
1475841383408	addons.xpi-utils	DEBUG	Updating add-on states
1475841383411	addons.xpi-utils	DEBUG	Writing add-ons list
1475841383416	addons.xpi	DEBUG	Registering manifest for C:\Program Files (x86)\Mozilla Firefox\browser\features\e10srollout@mozilla.org.xpi
1475841383417	addons.xpi	DEBUG	Calling bootstrap method startup on e10srollout@mozilla.org version 1.0
1475841383417	addons.xpi	DEBUG	Registering manifest for C:\Program Files (x86)\Mozilla Firefox\browser\features\firefox@getpocket.com.xpi
1475841383417	addons.xpi	DEBUG	Calling bootstrap method startup on firefox@getpocket.com version 1.0.3b1
1475841383418	addons.xpi	DEBUG	Registering manifest for C:\Program Files (x86)\Mozilla Firefox\browser\features\loop@mozilla.org.xpi
1475841383418	addons.xpi	DEBUG	Calling bootstrap method startup on loop@mozilla.org version 1.4.0
1475841383433	addons.manager	DEBUG	Registering shutdown blocker for XPIProvider
1475841383434	addons.manager	DEBUG	Provider finished startup: XPIProvider
1475841383434	addons.manager	DEBUG	Starting provider: LightweightThemeManager
1475841383434	addons.manager	DEBUG	Registering shutdown blocker for LightweightThemeManager
1475841383434	addons.manager	DEBUG	Provider finished startup: LightweightThemeManager
1475841383434	addons.manager	DEBUG	Starting provider: GMPProvider
1475841383444	addons.manager	DEBUG	Registering shutdown blocker for GMPProvider
1475841383444	addons.manager	DEBUG	Provider finished startup: GMPProvider
1475841383444	addons.manager	DEBUG	Starting provider: PluginProvider
1475841383444	addons.manager	DEBUG	Registering shutdown blocker for PluginProvider
1475841383444	addons.manager	DEBUG	Provider finished startup: PluginProvider
1475841383444	addons.manager	DEBUG	Completed startup sequence
1475841385372	addons.manager	DEBUG	Starting provider: <unnamed-provider>
1475841385373	addons.manager	DEBUG	Registering shutdown blocker for <unnamed-provider>
1475841385373	addons.manager	DEBUG	Provider finished startup: <unnamed-provider>
1475841385861	DeferredSave.extensions.json	DEBUG	Write succeeded
1475841385861	addons.xpi-utils	DEBUG	XPI Database saved, setting schema version preference to 17
1475841385861	DeferredSave.extensions.json	DEBUG	Starting timer
1475841385873	addons.repository	DEBUG	No addons.json found.
1475841385873	DeferredSave.addons.json	DEBUG	Save changes
1475841385877	DeferredSave.addons.json	DEBUG	Starting timer
1475841385910	addons.manager	DEBUG	Starting provider: PreviousExperimentProvider
1475841385910	addons.manager	DEBUG	Registering shutdown blocker for PreviousExperimentProvider
1475841385911	addons.manager	DEBUG	Provider finished startup: PreviousExperimentProvider
1475841385913	DeferredSave.extensions.json	DEBUG	Starting write
1475841385928	DeferredSave.addons.json	DEBUG	Starting write
1475841385930	DeferredSave.extensions.json	DEBUG	Write succeeded
1475841385944	DeferredSave.addons.json	DEBUG	Write succeeded

	at org.openqa.selenium.firefox.internal.NewProfileExtensionConnection.start(NewProfileExtensionConnection.java:113)
	... 33 more
]]>
            </full-stacktrace>
          </exception> <!-- org.openqa.selenium.WebDriverException -->
          <reporter-output>
          </reporter-output>
        </test-method> <!-- setDriver -->
        <test-method status="SKIP" signature="validateStocksPageLoads(java.lang.String)[pri:0, instance:com.stocksValidation.PageSetupTest@6767c1fc]" name="validateStocksPageLoads" duration-ms="4" started-at="2016-10-07T17:27:08Z" finished-at="2016-10-07T17:27:08Z">
          <params>
            <param index="0">
              <value>
                <![CDATA[NSE - National Stock Exchange of India Ltd.]]>
              </value>
            </param>
          </params>
          <reporter-output>
          </reporter-output>
        </test-method> <!-- validateStocksPageLoads -->
        <test-method status="SKIP" signature="tearDown()[pri:0, instance:com.stocksValidation.PageSetupTest@6767c1fc]" name="tearDown" is-config="true" duration-ms="0" started-at="2016-10-07T17:27:08Z" finished-at="2016-10-07T17:27:08Z">
          <reporter-output>
          </reporter-output>
        </test-method> <!-- tearDown -->
        <test-method status="SKIP" signature="setDriver(java.lang.String, java.lang.String, java.lang.String)[pri:0, instance:com.stocksValidation.PageSetupTest@6767c1fc]" name="setDriver" is-config="true" duration-ms="0" started-at="2016-10-07T17:27:08Z" finished-at="2016-10-07T17:27:08Z">
          <reporter-output>
          </reporter-output>
        </test-method> <!-- setDriver -->
        <test-method status="SKIP" signature="validateStocksPageUIelements()[pri:0, instance:com.stocksValidation.PageSetupTest@6767c1fc]" name="validateStocksPageUIelements" duration-ms="1" started-at="2016-10-07T17:27:08Z" finished-at="2016-10-07T17:27:08Z">
          <reporter-output>
          </reporter-output>
        </test-method> <!-- validateStocksPageUIelements -->
        <test-method status="SKIP" signature="tearDown()[pri:0, instance:com.stocksValidation.PageSetupTest@6767c1fc]" name="tearDown" is-config="true" duration-ms="0" started-at="2016-10-07T17:27:08Z" finished-at="2016-10-07T17:27:08Z">
          <reporter-output>
          </reporter-output>
        </test-method> <!-- tearDown -->
      </class> <!-- com.stocksValidation.PageSetupTest -->
      <class name="com.stocksValidation.StockAdvanceTest">
        <test-method status="SKIP" signature="setDriver(java.lang.String, java.lang.String, java.lang.String)[pri:0, instance:com.stocksValidation.StockAdvanceTest@29ee9faa]" name="setDriver" is-config="true" duration-ms="0" started-at="2016-10-07T17:27:08Z" finished-at="2016-10-07T17:27:08Z">
          <reporter-output>
          </reporter-output>
        </test-method> <!-- setDriver -->
        <test-method status="SKIP" signature="matchAdvancesInHeadingAndTable()[pri:0, instance:com.stocksValidation.StockAdvanceTest@29ee9faa]" name="matchAdvancesInHeadingAndTable" duration-ms="1" started-at="2016-10-07T17:27:08Z" finished-at="2016-10-07T17:27:08Z">
          <reporter-output>
          </reporter-output>
        </test-method> <!-- matchAdvancesInHeadingAndTable -->
        <test-method status="SKIP" signature="tearDown()[pri:0, instance:com.stocksValidation.StockAdvanceTest@29ee9faa]" name="tearDown" is-config="true" duration-ms="0" started-at="2016-10-07T17:27:08Z" finished-at="2016-10-07T17:27:08Z">
          <reporter-output>
          </reporter-output>
        </test-method> <!-- tearDown -->
        <test-method status="SKIP" signature="setDriver(java.lang.String, java.lang.String, java.lang.String)[pri:0, instance:com.stocksValidation.StockAdvanceTest@29ee9faa]" name="setDriver" is-config="true" duration-ms="0" started-at="2016-10-07T17:27:08Z" finished-at="2016-10-07T17:27:08Z">
          <reporter-output>
          </reporter-output>
        </test-method> <!-- setDriver -->
        <test-method status="SKIP" signature="validateFirstElementIsAdvances()[pri:0, instance:com.stocksValidation.StockAdvanceTest@29ee9faa]" name="validateFirstElementIsAdvances" duration-ms="1" started-at="2016-10-07T17:27:08Z" finished-at="2016-10-07T17:27:08Z">
          <reporter-output>
          </reporter-output>
        </test-method> <!-- validateFirstElementIsAdvances -->
        <test-method status="SKIP" signature="tearDown()[pri:0, instance:com.stocksValidation.StockAdvanceTest@29ee9faa]" name="tearDown" is-config="true" duration-ms="0" started-at="2016-10-07T17:27:08Z" finished-at="2016-10-07T17:27:08Z">
          <reporter-output>
          </reporter-output>
        </test-method> <!-- tearDown -->
        <test-method status="SKIP" signature="setDriver(java.lang.String, java.lang.String, java.lang.String)[pri:0, instance:com.stocksValidation.StockAdvanceTest@29ee9faa]" name="setDriver" is-config="true" duration-ms="0" started-at="2016-10-07T17:27:08Z" finished-at="2016-10-07T17:27:08Z">
          <reporter-output>
          </reporter-output>
        </test-method> <!-- setDriver -->
        <test-method status="SKIP" signature="validateSecondElementInAdvacesIsInt()[pri:0, instance:com.stocksValidation.StockAdvanceTest@29ee9faa]" name="validateSecondElementInAdvacesIsInt" duration-ms="1" started-at="2016-10-07T17:27:08Z" finished-at="2016-10-07T17:27:08Z">
          <reporter-output>
          </reporter-output>
        </test-method> <!-- validateSecondElementInAdvacesIsInt -->
        <test-method status="SKIP" signature="tearDown()[pri:0, instance:com.stocksValidation.StockAdvanceTest@29ee9faa]" name="tearDown" is-config="true" duration-ms="0" started-at="2016-10-07T17:27:08Z" finished-at="2016-10-07T17:27:08Z">
          <reporter-output>
          </reporter-output>
        </test-method> <!-- tearDown -->
      </class> <!-- com.stocksValidation.StockAdvanceTest -->
      <class name="com.stocksValidation.ChangePercentDescendingTest">
        <test-method status="SKIP" signature="changePercentIsDescending()[pri:0, instance:com.stocksValidation.ChangePercentDescendingTest@55f3ddb1]" name="changePercentIsDescending" duration-ms="1" started-at="2016-10-07T17:27:08Z" finished-at="2016-10-07T17:27:08Z">
          <reporter-output>
          </reporter-output>
        </test-method> <!-- changePercentIsDescending -->
        <test-method status="SKIP" signature="setDriver(java.lang.String, java.lang.String, java.lang.String)[pri:0, instance:com.stocksValidation.ChangePercentDescendingTest@55f3ddb1]" name="setDriver" is-config="true" duration-ms="0" started-at="2016-10-07T17:27:08Z" finished-at="2016-10-07T17:27:08Z">
          <reporter-output>
          </reporter-output>
        </test-method> <!-- setDriver -->
        <test-method status="SKIP" signature="tearDown()[pri:0, instance:com.stocksValidation.ChangePercentDescendingTest@55f3ddb1]" name="tearDown" is-config="true" duration-ms="0" started-at="2016-10-07T17:27:08Z" finished-at="2016-10-07T17:27:08Z">
          <reporter-output>
          </reporter-output>
        </test-method> <!-- tearDown -->
      </class> <!-- com.stocksValidation.ChangePercentDescendingTest -->
      <class name="com.stocksValidation.StockDeclineTest">
        <test-method status="SKIP" signature="setDriver(java.lang.String, java.lang.String, java.lang.String)[pri:0, instance:com.stocksValidation.StockDeclineTest@c038203]" name="setDriver" is-config="true" duration-ms="0" started-at="2016-10-07T17:27:08Z" finished-at="2016-10-07T17:27:08Z">
          <reporter-output>
          </reporter-output>
        </test-method> <!-- setDriver -->
        <test-method status="SKIP" signature="matchDeclinesInHeadingAndTable()[pri:0, instance:com.stocksValidation.StockDeclineTest@c038203]" name="matchDeclinesInHeadingAndTable" duration-ms="1" started-at="2016-10-07T17:27:08Z" finished-at="2016-10-07T17:27:08Z">
          <reporter-output>
          </reporter-output>
        </test-method> <!-- matchDeclinesInHeadingAndTable -->
        <test-method status="SKIP" signature="tearDown()[pri:0, instance:com.stocksValidation.StockDeclineTest@c038203]" name="tearDown" is-config="true" duration-ms="0" started-at="2016-10-07T17:27:08Z" finished-at="2016-10-07T17:27:08Z">
          <reporter-output>
          </reporter-output>
        </test-method> <!-- tearDown -->
        <test-method status="SKIP" signature="setDriver(java.lang.String, java.lang.String, java.lang.String)[pri:0, instance:com.stocksValidation.StockDeclineTest@c038203]" name="setDriver" is-config="true" duration-ms="0" started-at="2016-10-07T17:27:08Z" finished-at="2016-10-07T17:27:08Z">
          <reporter-output>
          </reporter-output>
        </test-method> <!-- setDriver -->
        <test-method status="SKIP" signature="validateFirstElementIsDeclines()[pri:0, instance:com.stocksValidation.StockDeclineTest@c038203]" name="validateFirstElementIsDeclines" duration-ms="1" started-at="2016-10-07T17:27:08Z" finished-at="2016-10-07T17:27:08Z">
          <reporter-output>
          </reporter-output>
        </test-method> <!-- validateFirstElementIsDeclines -->
        <test-method status="SKIP" signature="tearDown()[pri:0, instance:com.stocksValidation.StockDeclineTest@c038203]" name="tearDown" is-config="true" duration-ms="0" started-at="2016-10-07T17:27:08Z" finished-at="2016-10-07T17:27:08Z">
          <reporter-output>
          </reporter-output>
        </test-method> <!-- tearDown -->
        <test-method status="SKIP" signature="setDriver(java.lang.String, java.lang.String, java.lang.String)[pri:0, instance:com.stocksValidation.StockDeclineTest@c038203]" name="setDriver" is-config="true" duration-ms="0" started-at="2016-10-07T17:27:08Z" finished-at="2016-10-07T17:27:08Z">
          <reporter-output>
          </reporter-output>
        </test-method> <!-- setDriver -->
        <test-method status="SKIP" signature="validateSecondElementInDeclinesIsInt()[pri:0, instance:com.stocksValidation.StockDeclineTest@c038203]" name="validateSecondElementInDeclinesIsInt" duration-ms="1" started-at="2016-10-07T17:27:08Z" finished-at="2016-10-07T17:27:08Z">
          <reporter-output>
          </reporter-output>
        </test-method> <!-- validateSecondElementInDeclinesIsInt -->
        <test-method status="SKIP" signature="tearDown()[pri:0, instance:com.stocksValidation.StockDeclineTest@c038203]" name="tearDown" is-config="true" duration-ms="0" started-at="2016-10-07T17:27:08Z" finished-at="2016-10-07T17:27:08Z">
          <reporter-output>
          </reporter-output>
        </test-method> <!-- tearDown -->
      </class> <!-- com.stocksValidation.StockDeclineTest -->
    </test> <!-- Stock_Watch_Tests -->
  </suite> <!-- NSE_Test_Suite -->
</testng-results>
