<html>
<head>
<title>TestNG:  Stock_Watch_Tests</title>
<link href="../testng.css" rel="stylesheet" type="text/css" />
<link href="../my-testng.css" rel="stylesheet" type="text/css" />

<style type="text/css">
.log { display: none;} 
.stack-trace { display: none;} 
</style>
<script type="text/javascript">
<!--
function flip(e) {
  current = e.style.display;
  if (current == 'block') {
    e.style.display = 'none';
    return 0;
  }
  else {
    e.style.display = 'block';
    return 1;
  }
}

function toggleBox(szDivId, elem, msg1, msg2)
{
  var res = -1;  if (document.getElementById) {
    res = flip(document.getElementById(szDivId));
  }
  else if (document.all) {
    // this is the way old msie versions work
    res = flip(document.all[szDivId]);
  }
  if(elem) {
    if(res == 0) elem.innerHTML = msg1; else elem.innerHTML = msg2;
  }

}

function toggleAllBoxes() {
  if (document.getElementsByTagName) {
    d = document.getElementsByTagName('div');
    for (i = 0; i < d.length; i++) {
      if (d[i].className == 'log') {
        flip(d[i]);
      }
    }
  }
}

// -->
</script>

</head>
<body>
<h2 align='center'>Stock_Watch_Tests</h2><table border='1' align="center">
<tr>
<td>Tests passed/Failed/Skipped:</td><td>11/1/0</td>
</tr><tr>
<td>Started on:</td><td>Sun May 01 22:04:15 IST 2016</td>
</tr>
<tr><td>Total time:</td><td>117 seconds (117518 ms)</td>
</tr><tr>
<td>Included groups:</td><td></td>
</tr><tr>
<td>Excluded groups:</td><td></td>
</tr>
</table><p/>
<small><i>(Hover the method name to see the test class name)</i></small><p/>
<table width='100%' border='1' class='invocation-failed'>
<tr><td colspan='4' align='center'><b>FAILED TESTS</b></td></tr>
<tr><td><b>Test method</b></td>
<td width="30%"><b>Exception</b></td>
<td width="10%"><b>Time (seconds)</b></td>
<td><b>Instance</b></td>
</tr>
<tr>
<td title='com.stocksValidation.ChangePercentValidationTest.validateChangePercentAllStocks()'><b>validateChangePercentAllStocks</b><br>Test class: com.stocksValidation.ChangePercentValidationTest</td>
<td><div><pre>java.lang.AssertionError: expected [true] but found [false]
	at com.stocksValidation.ChangePercentValidationTest.validateChangePercentAllStocks(ChangePercentValidationTest.java:69)
... Removed 28 stack frames</pre></div><a href='#' onClick='toggleBox("stack-trace1457263953", this, "Click to show all stack frames", "Click to hide stack frames")'>Click to show all stack frames</a>
<div class='stack-trace' id='stack-trace1457263953'><pre>java.lang.AssertionError: expected [true] but found [false]
	at org.testng.Assert.fail(Assert.java:94)
	at org.testng.Assert.failNotEquals(Assert.java:513)
	at org.testng.Assert.assertTrue(Assert.java:42)
	at org.testng.Assert.assertTrue(Assert.java:52)
	at com.stocksValidation.ChangePercentValidationTest.validateChangePercentAllStocks(ChangePercentValidationTest.java:69)
	at sun.reflect.NativeMethodAccessorImpl.invoke0(Native Method)
	at sun.reflect.NativeMethodAccessorImpl.invoke(NativeMethodAccessorImpl.java:62)
	at sun.reflect.DelegatingMethodAccessorImpl.invoke(DelegatingMethodAccessorImpl.java:43)
	at java.lang.reflect.Method.invoke(Method.java:498)
	at org.testng.internal.MethodInvocationHelper.invokeMethod(MethodInvocationHelper.java:86)
	at org.testng.internal.Invoker.invokeMethod(Invoker.java:643)
	at org.testng.internal.Invoker.invokeTestMethod(Invoker.java:820)
	at org.testng.internal.Invoker.invokeTestMethods(Invoker.java:1128)
	at org.testng.internal.TestMethodWorker.invokeTestMethods(TestMethodWorker.java:129)
	at org.testng.internal.TestMethodWorker.run(TestMethodWorker.java:112)
	at org.testng.TestRunner.privateRun(TestRunner.java:782)
	at org.testng.TestRunner.run(TestRunner.java:632)
	at org.testng.SuiteRunner.runTest(SuiteRunner.java:366)
	at org.testng.SuiteRunner.runSequentially(SuiteRunner.java:361)
	at org.testng.SuiteRunner.privateRun(SuiteRunner.java:319)
	at org.testng.SuiteRunner.run(SuiteRunner.java:268)
	at org.testng.SuiteRunnerWorker.runSuite(SuiteRunnerWorker.java:52)
	at org.testng.SuiteRunnerWorker.run(SuiteRunnerWorker.java:86)
	at org.testng.TestNG.runSuitesSequentially(TestNG.java:1244)
	at org.testng.TestNG.runSuitesLocally(TestNG.java:1169)
	at org.testng.TestNG.run(TestNG.java:1064)
	at org.testng.remote.AbstractRemoteTestNG.run(AbstractRemoteTestNG.java:126)
	at org.testng.remote.RemoteTestNG.initAndRun(RemoteTestNG.java:137)
	at org.testng.remote.RemoteTestNG.main(RemoteTestNG.java:58)
</pre></div></td>
<td>10</td>
<td>com.stocksValidation.ChangePercentValidationTest@c038203</td></tr>
</table><p>
<table width='100%' border='1' class='invocation-passed'>
<tr><td colspan='4' align='center'><b>PASSED TESTS</b></td></tr>
<tr><td><b>Test method</b></td>
<td width="30%"><b>Exception</b></td>
<td width="10%"><b>Time (seconds)</b></td>
<td><b>Instance</b></td>
</tr>
<tr>
<td title='com.stocksValidation.ChangePercentDescendingTest.changePercentIsDescending()'><b>changePercentIsDescending</b><br>Test class: com.stocksValidation.ChangePercentDescendingTest</td>
<td></td>
<td>3</td>
<td>com.stocksValidation.ChangePercentDescendingTest@cc285f4</td></tr>
<tr>
<td title='com.stocksValidation.StockAdvanceTest.matchAdvancesInHeadingAndTable()'><b>matchAdvancesInHeadingAndTable</b><br>Test class: com.stocksValidation.StockAdvanceTest</td>
<td></td>
<td>2</td>
<td>com.stocksValidation.StockAdvanceTest@6767c1fc</td></tr>
<tr>
<td title='com.stocksValidation.StockDeclineTest.matchDeclinesInHeadingAndTable()'><b>matchDeclinesInHeadingAndTable</b><br>Test class: com.stocksValidation.StockDeclineTest</td>
<td></td>
<td>3</td>
<td>com.stocksValidation.StockDeclineTest@29ee9faa</td></tr>
<tr>
<td title='com.stocksValidation.ChangePercentValidationTest.validateChangePercentNiftyCumulative()'><b>validateChangePercentNiftyCumulative</b><br>Test class: com.stocksValidation.ChangePercentValidationTest</td>
<td></td>
<td>0</td>
<td>com.stocksValidation.ChangePercentValidationTest@c038203</td></tr>
<tr>
<td title='com.stocksValidation.ChangePercentValidationTest.validateColumnHeadings()'><b>validateColumnHeadings</b><br>Test class: com.stocksValidation.ChangePercentValidationTest</td>
<td></td>
<td>0</td>
<td>com.stocksValidation.ChangePercentValidationTest@c038203</td></tr>
<tr>
<td title='com.stocksValidation.StockAdvanceTest.validateFirstElementIsAdvances()'><b>validateFirstElementIsAdvances</b><br>Test class: com.stocksValidation.StockAdvanceTest</td>
<td></td>
<td>0</td>
<td>com.stocksValidation.StockAdvanceTest@6767c1fc</td></tr>
<tr>
<td title='com.stocksValidation.StockDeclineTest.validateFirstElementIsDeclines()'><b>validateFirstElementIsDeclines</b><br>Test class: com.stocksValidation.StockDeclineTest</td>
<td></td>
<td>0</td>
<td>com.stocksValidation.StockDeclineTest@29ee9faa</td></tr>
<tr>
<td title='com.stocksValidation.StockAdvanceTest.validateSecondElementInAdvacesIsInt()'><b>validateSecondElementInAdvacesIsInt</b><br>Test class: com.stocksValidation.StockAdvanceTest</td>
<td></td>
<td>0</td>
<td>com.stocksValidation.StockAdvanceTest@6767c1fc</td></tr>
<tr>
<td title='com.stocksValidation.StockDeclineTest.validateSecondElementInDeclinesIsInt()'><b>validateSecondElementInDeclinesIsInt</b><br>Test class: com.stocksValidation.StockDeclineTest</td>
<td></td>
<td>0</td>
<td>com.stocksValidation.StockDeclineTest@29ee9faa</td></tr>
<tr>
<td title='com.stocksValidation.PageSetupTest.validateStocksPageLoads()'><b>validateStocksPageLoads</b><br>Test class: com.stocksValidation.PageSetupTest<br>Parameters: NSE - National Stock Exchange of India Ltd.</td>
<td></td>
<td>0</td>
<td>com.stocksValidation.PageSetupTest@4678c730</td></tr>
<tr>
<td title='com.stocksValidation.PageSetupTest.validateStocksPageUIelements()'><b>validateStocksPageUIelements</b><br>Test class: com.stocksValidation.PageSetupTest</td>
<td></td>
<td>0</td>
<td>com.stocksValidation.PageSetupTest@4678c730</td></tr>
</table><p>
</body>
</html>